[INFO ] 2017-11-16T08:46:09,316Z [main] webserver.CmdLineOptions.loadConfig - Config:
{
    # hardcoded value
    "baseDirectory" : "/home/ubuntu/corda/build/nodes/Instance304",
    # /home/ubuntu/corda/build/nodes/Instance304/node.conf: 1
    "extraAdvertisedServiceIds" : [],
    # web-reference.conf @ jar:file:/home/ubuntu/.capsule/apps/net.corda.webserver.WebServer_1.0.0/corda-webserver-impl-1.0.0.jar!/web-reference.conf: 2
    "keyStorePassword" : "cordacadevpass",
    # /home/ubuntu/corda/build/nodes/Instance304/node.conf: 2
    "myLegalName" : "O=Instance304,L=London,C=GB",
    # /home/ubuntu/corda/build/nodes/Instance304/node.conf: 3
    "networkMapService" : {
        # /home/ubuntu/corda/build/nodes/Instance304/node.conf: 4
        "address" : "localhost:10000",
        # /home/ubuntu/corda/build/nodes/Instance304/node.conf: 5
        "legalName" : "O=Controller,L=London,C=GB"
    },
    # /home/ubuntu/corda/build/nodes/Instance304/node.conf: 7
    "p2pAddress" : "localhost:10304",
    # /home/ubuntu/corda/build/nodes/Instance304/node.conf: 8
    "rpcAddress" : "localhost:30304",
    # /home/ubuntu/corda/build/nodes/Instance304/node.conf: 9
    "rpcUsers" : [
        # /home/ubuntu/corda/build/nodes/Instance304/node.conf: 10
        {
            # /home/ubuntu/corda/build/nodes/Instance304/node.conf: 11
            "password" : "test",
            # /home/ubuntu/corda/build/nodes/Instance304/node.conf: 12
            "permissions" : [],
            # /home/ubuntu/corda/build/nodes/Instance304/node.conf: 13
            "user" : "user1"
        }
    ],
    # web-reference.conf @ jar:file:/home/ubuntu/.capsule/apps/net.corda.webserver.WebServer_1.0.0/corda-webserver-impl-1.0.0.jar!/web-reference.conf: 3
    "trustStorePassword" : "trustpass",
    # web-reference.conf @ jar:file:/home/ubuntu/.capsule/apps/net.corda.webserver.WebServer_1.0.0/corda-webserver-impl-1.0.0.jar!/web-reference.conf: 1
    "useHTTPS" : false,
    # /home/ubuntu/corda/build/nodes/Instance304/node.conf: 16
    "webAddress" : "localhost:20304"
}

[INFO ] 2017-11-16T08:46:09,472Z [main] Main.main - Main class: /home/ubuntu/.capsule/apps/net.corda.webserver.WebServer_1.0.0/corda-webserver-impl-1.0.0.jar
[INFO ] 2017-11-16T08:46:10,184Z [main] Main.main - CommandLine Args: -Xmx200m -XX:+UseG1GC -XX:ParallelGCThreads=1 -javaagent:/home/ubuntu/.capsule/apps/net.corda.webserver.WebServer_1.0.0/quasar-core-0.7.9-jdk8.jar -Dvisualvm.display.name=Corda -Djava.library.path=/usr/java/packages/lib/amd64:/usr/lib64:/lib64:/lib:/usr/lib:/home/ubuntu/.capsule/apps/net.corda.webserver.WebServer_1.0.0 -Dcapsule.app=net.corda.webserver.WebServer_1.0.0 -DWebserver -Dcapsule.dir=/home/ubuntu/.capsule/apps/net.corda.webserver.WebServer_1.0.0 -Dcapsule.jar=/home/ubuntu/corda/build/nodes/Instance304/corda-webserver.jar
[INFO ] 2017-11-16T08:46:11,327Z [main] Main.main - Application Args: 
[INFO ] 2017-11-16T08:46:11,327Z [main] Main.main - bootclasspath: /usr/lib/jvm/java-8-oracle/jre/lib/resources.jar:/usr/lib/jvm/java-8-oracle/jre/lib/rt.jar:/usr/lib/jvm/java-8-oracle/jre/lib/sunrsasign.jar:/usr/lib/jvm/java-8-oracle/jre/lib/jsse.jar:/usr/lib/jvm/java-8-oracle/jre/lib/jce.jar:/usr/lib/jvm/java-8-oracle/jre/lib/charsets.jar:/usr/lib/jvm/java-8-oracle/jre/lib/jfr.jar:/usr/lib/jvm/java-8-oracle/jre/classes
[INFO ] 2017-11-16T08:46:11,327Z [main] Main.main - classpath: /home/ubuntu/corda/build/nodes/Instance304/corda-webserver.jar:/home/ubuntu/.capsule/apps/net.corda.webserver.WebServer_1.0.0/corda-rpc-1.0.0.jar:/home/ubuntu/.capsule/apps/net.corda.webserver.WebServer_1.0.0/corda-jackson-1.0.0.jar:/home/ubuntu/.capsule/apps/net.corda.webserver.WebServer_1.0.0/corda-node-api-1.0.0.jar:/home/ubuntu/.capsule/apps/net.corda.webserver.WebServer_1.0.0/corda-core-1.0.0.jar:/home/ubuntu/.capsule/apps/net.corda.webserver.WebServer_1.0.0/jetty-webapp-9.3.9.v20160517.jar:/home/ubuntu/.capsule/apps/net.corda.webserver.WebServer_1.0.0/jetty-servlet-9.3.9.v20160517.jar:/home/ubuntu/.capsule/apps/net.corda.webserver.WebServer_1.0.0/jersey-container-jetty-http-2.25.jar:/home/ubuntu/.capsule/apps/net.corda.webserver.WebServer_1.0.0/jetty-security-9.3.9.v20160517.jar:/home/ubuntu/.capsule/apps/net.corda.webserver.WebServer_1.0.0/jetty-server-9.3.9.v20160517.jar:/home/ubuntu/.capsule/apps/net.corda.webserver.WebServer_1.0.0/javax.servlet-api-3.1.0.jar:/home/ubuntu/.capsule/apps/net.corda.webserver.WebServer_1.0.0/commons-fileupload-1.3.2.jar:/home/ubuntu/.capsule/apps/net.corda.webserver.WebServer_1.0.0/log4j-slf4j-impl-2.7.jar:/home/ubuntu/.capsule/apps/net.corda.webserver.WebServer_1.0.0/log4j-core-2.7.jar:/home/ubuntu/.capsule/apps/net.corda.webserver.WebServer_1.0.0/jopt-simple-5.0.2.jar:/home/ubuntu/.capsule/apps/net.corda.webserver.WebServer_1.0.0/jersey-container-servlet-core-2.25.jar:/home/ubuntu/.capsule/apps/net.corda.webserver.WebServer_1.0.0/jersey-server-2.25.jar:/home/ubuntu/.capsule/apps/net.corda.webserver.WebServer_1.0.0/jersey-media-json-jackson-2.25.jar:/home/ubuntu/.capsule/apps/net.corda.webserver.WebServer_1.0.0/kotlinx-html-jvm-0.6.3.jar:/home/ubuntu/.capsule/apps/net.corda.webserver.WebServer_1.0.0/kotlin-stdlib-jre8-1.1.4.jar:/home/ubuntu/.capsule/apps/net.corda.webserver.WebServer_1.0.0/jackson-module-kotlin-2.8.5.jar:/home/ubuntu/.capsule/apps/net.corda.webserver.WebServer_1.0.0/kotlin-reflect-1.1.4.jar:/home/ubuntu/.capsule/apps/net.corda.webserver.WebServer_1.0.0/jsr305-3.0.1.jar:/home/ubuntu/.capsule/apps/net.corda.webserver.WebServer_1.0.0/jcl-over-slf4j-1.7.25.jar:/home/ubuntu/.capsule/apps/net.corda.webserver.WebServer_1.0.0/slf4j-api-1.7.25.jar:/home/ubuntu/.capsule/apps/net.corda.webserver.WebServer_1.0.0/rxjava-1.2.4.jar:/home/ubuntu/.capsule/apps/net.corda.webserver.WebServer_1.0.0/commons-jexl3-3.0.jar:/home/ubuntu/.capsule/apps/net.corda.webserver.WebServer_1.0.0/jackson-datatype-jsr310-2.8.5.jar:/home/ubuntu/.capsule/apps/net.corda.webserver.WebServer_1.0.0/jackson-jaxrs-json-provider-2.8.4.jar:/home/ubuntu/.capsule/apps/net.corda.webserver.WebServer_1.0.0/jackson-jaxrs-base-2.8.4.jar:/home/ubuntu/.capsule/apps/net.corda.webserver.WebServer_1.0.0/jackson-module-jaxb-annotations-2.8.4.jar:/home/ubuntu/.capsule/apps/net.corda.webserver.WebServer_1.0.0/jackson-databind-2.8.5.jar:/home/ubuntu/.capsule/apps/net.corda.webserver.WebServer_1.0.0/eddsa-0.2.0.jar:/home/ubuntu/.capsule/apps/net.corda.webserver.WebServer_1.0.0/bcpkix-jdk15on-1.57.jar:/home/ubuntu/.capsule/apps/net.corda.webserver.WebServer_1.0.0/bcprov-jdk15on-1.57.jar:/home/ubuntu/.capsule/apps/net.corda.webserver.WebServer_1.0.0/hibernate-jpa-2.1-api-1.0.0.Final.jar:/home/ubuntu/.capsule/apps/net.corda.webserver.WebServer_1.0.0/quasar-core-0.7.9-jdk8.jar:/home/ubuntu/.capsule/apps/net.corda.webserver.WebServer_1.0.0/jackson-dataformat-yaml-2.8.5.jar:/home/ubuntu/.capsule/apps/net.corda.webserver.WebServer_1.0.0/artemis-core-client-2.1.0.jar:/home/ubuntu/.capsule/apps/net.corda.webserver.WebServer_1.0.0/artemis-commons-2.1.0.jar:/home/ubuntu/.capsule/apps/net.corda.webserver.WebServer_1.0.0/guava-21.0.jar:/home/ubuntu/.capsule/apps/net.corda.webserver.WebServer_1.0.0/jetty-xml-9.3.9.v20160517.jar:/home/ubuntu/.capsule/apps/net.corda.webserver.WebServer_1.0.0/jolokia-server-detector-2.0.0-M3.jar:/home/ubuntu/.capsule/apps/net.corda.webserver.WebServer_1.0.0/jolokia-service-jsr160-2.0.0-M3.jar:/home/ubuntu/.capsule/apps/net.corda.webserver.WebServer_1.0.0/jolokia-service-jmx-2.0.0-M3.jar:/home/ubuntu/.capsule/apps/net.corda.webserver.WebServer_1.0.0/jolokia-service-serializer-2.0.0-M3.jar:/home/ubuntu/.capsule/apps/net.corda.webserver.WebServer_1.0.0/jolokia-service-notif-pull-2.0.0-M3.jar:/home/ubuntu/.capsule/apps/net.corda.webserver.WebServer_1.0.0/jolokia-service-notif-sse-2.0.0-M3.jar:/home/ubuntu/.capsule/apps/net.corda.webserver.WebServer_1.0.0/jolokia-service-discovery-2.0.0-M3.jar:/home/ubuntu/.capsule/apps/net.corda.webserver.WebServer_1.0.0/jolokia-service-history-2.0.0-M3.jar:/home/ubuntu/.capsule/apps/net.corda.webserver.WebServer_1.0.0/jolokia-server-core-2.0.0-M3.jar:/home/ubuntu/.capsule/apps/net.corda.webserver.WebServer_1.0.0/commons-io-2.2.jar:/home/ubuntu/.capsule/apps/net.corda.webserver.WebServer_1.0.0/log4j-api-2.7.jar:/home/ubuntu/.capsule/apps/net.corda.webserver.WebServer_1.0.0/jersey-client-2.25.jar:/home/ubuntu/.capsule/apps/net.corda.webserver.WebServer_1.0.0/jersey-media-jaxb-2.25.jar:/home/ubuntu/.capsule/apps/net.corda.webserver.WebServer_1.0.0/jersey-common-2.25.jar:/home/ubuntu/.capsule/apps/net.corda.webserver.WebServer_1.0.0/jersey-entity-filtering-2.25.jar:/home/ubuntu/.capsule/apps/net.corda.webserver.WebServer_1.0.0/javax.ws.rs-api-2.0.1.jar:/home/ubuntu/.capsule/apps/net.corda.webserver.WebServer_1.0.0/javax.annotation-api-1.2.jar:/home/ubuntu/.capsule/apps/net.corda.webserver.WebServer_1.0.0/hk2-locator-2.5.0-b30.jar:/home/ubuntu/.capsule/apps/net.corda.webserver.WebServer_1.0.0/hk2-api-2.5.0-b30.jar:/home/ubuntu/.capsule/apps/net.corda.webserver.WebServer_1.0.0/javax.inject-2.5.0-b30.jar:/home/ubuntu/.capsule/apps/net.corda.webserver.WebServer_1.0.0/validation-api-1.1.0.Final.jar:/home/ubuntu/.capsule/apps/net.corda.webserver.WebServer_1.0.0/jetty-http-9.3.9.v20160517.jar:/home/ubuntu/.capsule/apps/net.corda.webserver.WebServer_1.0.0/jetty-io-9.3.9.v20160517.jar:/home/ubuntu/.capsule/apps/net.corda.webserver.WebServer_1.0.0/jetty-util-9.3.9.v20160517.jar:/home/ubuntu/.capsule/apps/net.corda.webserver.WebServer_1.0.0/jetty-continuation-9.2.14.v20151106.jar:/home/ubuntu/.capsule/apps/net.corda.webserver.WebServer_1.0.0/jackson-annotations-2.8.5.jar:/home/ubuntu/.capsule/apps/net.corda.webserver.WebServer_1.0.0/kotlin-stdlib-jre7-1.1.4.jar:/home/ubuntu/.capsule/apps/net.corda.webserver.WebServer_1.0.0/kotlin-stdlib-1.1.4.jar:/home/ubuntu/.capsule/apps/net.corda.webserver.WebServer_1.0.0/jackson-core-2.8.5.jar:/home/ubuntu/.capsule/apps/net.corda.webserver.WebServer_1.0.0/config-1.3.1.jar:/home/ubuntu/.capsule/apps/net.corda.webserver.WebServer_1.0.0/kryo-serializers-0.41.jar:/home/ubuntu/.capsule/apps/net.corda.webserver.WebServer_1.0.0/kryo-4.0.0.jar:/home/ubuntu/.capsule/apps/net.corda.webserver.WebServer_1.0.0/proton-j-0.21.0.jar:/home/ubuntu/.capsule/apps/net.corda.webserver.WebServer_1.0.0/snakeyaml-1.17.jar:/home/ubuntu/.capsule/apps/net.corda.webserver.WebServer_1.0.0/json-simple-1.1.1.jar:/home/ubuntu/.capsule/apps/net.corda.webserver.WebServer_1.0.0/jersey-guava-2.25.jar:/home/ubuntu/.capsule/apps/net.corda.webserver.WebServer_1.0.0/osgi-resource-locator-1.0.1.jar:/home/ubuntu/.capsule/apps/net.corda.webserver.WebServer_1.0.0/hk2-utils-2.5.0-b30.jar:/home/ubuntu/.capsule/apps/net.corda.webserver.WebServer_1.0.0/aopalliance-repackaged-2.5.0-b30.jar:/home/ubuntu/.capsule/apps/net.corda.webserver.WebServer_1.0.0/javassist-3.20.0-GA.jar:/home/ubuntu/.capsule/apps/net.corda.webserver.WebServer_1.0.0/jgroups-3.6.13.Final.jar:/home/ubuntu/.capsule/apps/net.corda.webserver.WebServer_1.0.0/netty-all-4.1.9.Final.jar:/home/ubuntu/.capsule/apps/net.corda.webserver.WebServer_1.0.0/geronimo-json_1.0_spec-1.0-alpha-1.jar:/home/ubuntu/.capsule/apps/net.corda.webserver.WebServer_1.0.0/johnzon-core-0.9.5.jar:/home/ubuntu/.capsule/apps/net.corda.webserver.WebServer_1.0.0/jboss-logging-3.3.0.Final.jar:/home/ubuntu/.capsule/apps/net.corda.webserver.WebServer_1.0.0/commons-beanutils-1.9.2.jar:/home/ubuntu/.capsule/apps/net.corda.webserver.WebServer_1.0.0/reflectasm-1.11.3.jar:/home/ubuntu/.capsule/apps/net.corda.webserver.WebServer_1.0.0/minlog-1.3.0.jar:/home/ubuntu/.capsule/apps/net.corda.webserver.WebServer_1.0.0/objenesis-2.2.jar:/home/ubuntu/.capsule/apps/net.corda.webserver.WebServer_1.0.0/javax.inject-1.jar:/home/ubuntu/.capsule/apps/net.corda.webserver.WebServer_1.0.0/commons-collections-3.2.1.jar:/home/ubuntu/.capsule/apps/net.corda.webserver.WebServer_1.0.0/asm-5.0.4.jar:/home/ubuntu/.capsule/apps/net.corda.webserver.WebServer_1.0.0/annotations-13.0.jar:/home/ubuntu/.capsule/apps/net.corda.webserver.WebServer_1.0.0/corda-webserver-impl-1.0.0.jar:/home/ubuntu/corda/build/nodes/Instance304/plugins/corda-0.1.jar:/home/ubuntu/.capsule/apps/net.corda.webserver.WebServer_1.0.0/quasar-core-0.7.9-jdk8.jar
[INFO ] 2017-11-16T08:46:11,331Z [main] Main.main - VM Java HotSpot(TM) 64-Bit Server VM Oracle Corporation 25.151-b12
[INFO ] 2017-11-16T08:46:11,362Z [main] Main.main - Machine: ip-172-31-23-70
[INFO ] 2017-11-16T08:46:11,363Z [main] Main.main - Working Directory: /home/ubuntu/corda/build/nodes/Instance304
[INFO ] 2017-11-16T08:46:20,337Z [main] Main.main - Starting as webserver on localhost:20304
[INFO ] 2017-11-16T08:46:20,891Z [main] BasicInfo.logAndMaybePrint - Starting as webserver: localhost:20304
[INFO ] 2017-11-16T08:46:20,892Z [main] internal.NodeWebServer.connectLocalRpcAsNodeUser - Connecting to node at localhost:10304 as node user
[INFO ] 2017-11-16T08:46:44,224Z [main] internal.RPCClient.logElapsedTime - Startup took 19778 msec
[INFO ] 2017-11-16T08:46:45,228Z [main] internal.NodeWebServer.connectLocalRpcAsNodeUser - Connecting to node at localhost:10304 as node user
[INFO ] 2017-11-16T08:46:45,404Z [main] internal.RPCClient.logElapsedTime - Startup took 175 msec
[INFO ] 2017-11-16T08:46:46,407Z [main] internal.NodeWebServer.connectLocalRpcAsNodeUser - Connecting to node at localhost:10304 as node user
[INFO ] 2017-11-16T08:46:46,490Z [main] internal.RPCClient.logElapsedTime - Startup took 82 msec
[INFO ] 2017-11-16T08:46:47,491Z [main] internal.NodeWebServer.connectLocalRpcAsNodeUser - Connecting to node at localhost:10304 as node user
[INFO ] 2017-11-16T08:46:47,619Z [main] internal.RPCClient.logElapsedTime - Startup took 126 msec
[INFO ] 2017-11-16T08:46:48,620Z [main] internal.NodeWebServer.connectLocalRpcAsNodeUser - Connecting to node at localhost:10304 as node user
[INFO ] 2017-11-16T08:46:48,683Z [main] internal.RPCClient.logElapsedTime - Startup took 62 msec
[INFO ] 2017-11-16T08:46:49,685Z [main] internal.NodeWebServer.connectLocalRpcAsNodeUser - Connecting to node at localhost:10304 as node user
[INFO ] 2017-11-16T08:46:49,747Z [main] internal.RPCClient.logElapsedTime - Startup took 61 msec
[INFO ] 2017-11-16T08:46:50,748Z [main] internal.NodeWebServer.connectLocalRpcAsNodeUser - Connecting to node at localhost:10304 as node user
[INFO ] 2017-11-16T08:46:50,821Z [main] internal.RPCClient.logElapsedTime - Startup took 72 msec
[INFO ] 2017-11-16T08:46:51,823Z [main] internal.NodeWebServer.connectLocalRpcAsNodeUser - Connecting to node at localhost:10304 as node user
[INFO ] 2017-11-16T08:46:51,905Z [main] internal.RPCClient.logElapsedTime - Startup took 81 msec
[INFO ] 2017-11-16T08:46:52,907Z [main] internal.NodeWebServer.connectLocalRpcAsNodeUser - Connecting to node at localhost:10304 as node user
[INFO ] 2017-11-16T08:46:52,991Z [main] internal.RPCClient.logElapsedTime - Startup took 83 msec
[INFO ] 2017-11-16T08:46:53,992Z [main] internal.NodeWebServer.connectLocalRpcAsNodeUser - Connecting to node at localhost:10304 as node user
[INFO ] 2017-11-16T08:46:54,087Z [main] internal.RPCClient.logElapsedTime - Startup took 94 msec
[INFO ] 2017-11-16T08:46:55,094Z [main] internal.NodeWebServer.connectLocalRpcAsNodeUser - Connecting to node at localhost:10304 as node user
[INFO ] 2017-11-16T08:46:55,141Z [main] internal.RPCClient.logElapsedTime - Startup took 45 msec
[INFO ] 2017-11-16T08:46:56,147Z [main] internal.NodeWebServer.connectLocalRpcAsNodeUser - Connecting to node at localhost:10304 as node user
[INFO ] 2017-11-16T08:46:56,234Z [main] internal.RPCClient.logElapsedTime - Startup took 85 msec
[INFO ] 2017-11-16T08:46:57,235Z [main] internal.NodeWebServer.connectLocalRpcAsNodeUser - Connecting to node at localhost:10304 as node user
[INFO ] 2017-11-16T08:46:57,293Z [main] internal.RPCClient.logElapsedTime - Startup took 57 msec
[INFO ] 2017-11-16T08:46:58,295Z [main] internal.NodeWebServer.connectLocalRpcAsNodeUser - Connecting to node at localhost:10304 as node user
[INFO ] 2017-11-16T08:46:58,372Z [main] internal.RPCClient.logElapsedTime - Startup took 75 msec
[INFO ] 2017-11-16T08:46:59,373Z [main] internal.NodeWebServer.connectLocalRpcAsNodeUser - Connecting to node at localhost:10304 as node user
[INFO ] 2017-11-16T08:46:59,425Z [main] internal.RPCClient.logElapsedTime - Startup took 50 msec
[INFO ] 2017-11-16T08:47:00,429Z [main] internal.NodeWebServer.connectLocalRpcAsNodeUser - Connecting to node at localhost:10304 as node user
[INFO ] 2017-11-16T08:47:00,486Z [main] internal.RPCClient.logElapsedTime - Startup took 55 msec
[INFO ] 2017-11-16T08:47:01,488Z [main] internal.NodeWebServer.connectLocalRpcAsNodeUser - Connecting to node at localhost:10304 as node user
[INFO ] 2017-11-16T08:47:01,538Z [main] internal.RPCClient.logElapsedTime - Startup took 49 msec
[INFO ] 2017-11-16T08:47:02,541Z [main] internal.NodeWebServer.connectLocalRpcAsNodeUser - Connecting to node at localhost:10304 as node user
[INFO ] 2017-11-16T08:47:02,577Z [main] internal.RPCClient.logElapsedTime - Startup took 32 msec
[INFO ] 2017-11-16T08:47:03,580Z [main] internal.NodeWebServer.connectLocalRpcAsNodeUser - Connecting to node at localhost:10304 as node user
[INFO ] 2017-11-16T08:47:03,670Z [main] internal.RPCClient.logElapsedTime - Startup took 89 msec
[INFO ] 2017-11-16T08:47:04,672Z [main] internal.NodeWebServer.connectLocalRpcAsNodeUser - Connecting to node at localhost:10304 as node user
[INFO ] 2017-11-16T08:47:04,778Z [main] internal.RPCClient.logElapsedTime - Startup took 105 msec
[INFO ] 2017-11-16T08:47:05,780Z [main] internal.NodeWebServer.connectLocalRpcAsNodeUser - Connecting to node at localhost:10304 as node user
[INFO ] 2017-11-16T08:47:05,847Z [main] internal.RPCClient.logElapsedTime - Startup took 66 msec
[INFO ] 2017-11-16T08:47:06,849Z [main] internal.NodeWebServer.connectLocalRpcAsNodeUser - Connecting to node at localhost:10304 as node user
[INFO ] 2017-11-16T08:47:06,910Z [main] internal.RPCClient.logElapsedTime - Startup took 59 msec
[INFO ] 2017-11-16T08:47:07,980Z [main] internal.NodeWebServer.connectLocalRpcAsNodeUser - Connecting to node at localhost:10304 as node user
[INFO ] 2017-11-16T08:47:11,127Z [main] internal.RPCClient.logElapsedTime - Startup took 3122 msec
[INFO ] 2017-11-16T08:47:11,199Z [main] util.log.initialized - Logging initialized @93202ms
[WARN ] 2017-11-16T08:47:11,277Z [main] internal.NodeWebServer.initWebServer - Unable to locate Jolokia WAR on classpath
[INFO ] 2017-11-16T08:47:13,445Z [main] internal.NodeWebServer.buildServletContextHandler - Add plugin web API from attachment net.corda.iou.plugin.IOUPluginKt$sam$Function$37366391@74b7497b
[INFO ] 2017-11-16T08:47:16,107Z [main] server.Server.doStart - jetty-9.3.9.v20160517
[INFO ] 2017-11-16T08:47:21,109Z [main] handler.ContextHandler.doStart - Started o.e.j.s.ServletContextHandler@1c512bb{/,null,AVAILABLE}
[INFO ] 2017-11-16T08:47:21,260Z [main] server.AbstractConnector.doStart - Started ServerConnector@5c04ec8{HTTP/1.1,[http/1.1]}{0.0.0.0:20304}
[INFO ] 2017-11-16T08:47:21,261Z [main] server.Server.doStart - Started @103281ms
[INFO ] 2017-11-16T08:47:21,261Z [main] internal.NodeWebServer.initWebServer - Starting webserver on address localhost:20304
[INFO ] 2017-11-16T09:57:22,116Z [main] webserver.CmdLineOptions.loadConfig - Config:
{
    # hardcoded value
    "baseDirectory" : "/home/ubuntu/corda/build/nodes/Instance304",
    # /home/ubuntu/corda/build/nodes/Instance304/node.conf: 1
    "extraAdvertisedServiceIds" : [],
    # web-reference.conf @ jar:file:/home/ubuntu/.capsule/apps/net.corda.webserver.WebServer_1.0.0/corda-webserver-impl-1.0.0.jar!/web-reference.conf: 2
    "keyStorePassword" : "cordacadevpass",
    # /home/ubuntu/corda/build/nodes/Instance304/node.conf: 2
    "myLegalName" : "O=Instance304,L=London,C=GB",
    # /home/ubuntu/corda/build/nodes/Instance304/node.conf: 3
    "networkMapService" : {
        # /home/ubuntu/corda/build/nodes/Instance304/node.conf: 4
        "address" : "localhost:10000",
        # /home/ubuntu/corda/build/nodes/Instance304/node.conf: 5
        "legalName" : "O=Controller,L=London,C=GB"
    },
    # /home/ubuntu/corda/build/nodes/Instance304/node.conf: 7
    "p2pAddress" : "localhost:10304",
    # /home/ubuntu/corda/build/nodes/Instance304/node.conf: 8
    "rpcAddress" : "localhost:30304",
    # /home/ubuntu/corda/build/nodes/Instance304/node.conf: 9
    "rpcUsers" : [
        # /home/ubuntu/corda/build/nodes/Instance304/node.conf: 10
        {
            # /home/ubuntu/corda/build/nodes/Instance304/node.conf: 11
            "password" : "test",
            # /home/ubuntu/corda/build/nodes/Instance304/node.conf: 12
            "permissions" : [],
            # /home/ubuntu/corda/build/nodes/Instance304/node.conf: 13
            "user" : "user1"
        }
    ],
    # web-reference.conf @ jar:file:/home/ubuntu/.capsule/apps/net.corda.webserver.WebServer_1.0.0/corda-webserver-impl-1.0.0.jar!/web-reference.conf: 3
    "trustStorePassword" : "trustpass",
    # web-reference.conf @ jar:file:/home/ubuntu/.capsule/apps/net.corda.webserver.WebServer_1.0.0/corda-webserver-impl-1.0.0.jar!/web-reference.conf: 1
    "useHTTPS" : false,
    # /home/ubuntu/corda/build/nodes/Instance304/node.conf: 16
    "webAddress" : "localhost:20304"
}

[INFO ] 2017-11-16T09:57:22,841Z [main] Main.main - Main class: /home/ubuntu/.capsule/apps/net.corda.webserver.WebServer_1.0.0/corda-webserver-impl-1.0.0.jar
[INFO ] 2017-11-16T09:57:25,159Z [main] Main.main - CommandLine Args: -Xmx200m -XX:+UseG1GC -XX:ParallelGCThreads=1 -javaagent:/home/ubuntu/.capsule/apps/net.corda.webserver.WebServer_1.0.0/quasar-core-0.7.9-jdk8.jar -Dvisualvm.display.name=Corda -Djava.library.path=/usr/java/packages/lib/amd64:/usr/lib64:/lib64:/lib:/usr/lib:/home/ubuntu/.capsule/apps/net.corda.webserver.WebServer_1.0.0 -Dcapsule.app=net.corda.webserver.WebServer_1.0.0 -DWebserver -Dcapsule.dir=/home/ubuntu/.capsule/apps/net.corda.webserver.WebServer_1.0.0 -Dcapsule.jar=/home/ubuntu/corda/build/nodes/Instance304/corda-webserver.jar
[INFO ] 2017-11-16T09:57:31,075Z [main] Main.main - Application Args: 
[INFO ] 2017-11-16T09:57:31,075Z [main] Main.main - bootclasspath: /usr/lib/jvm/java-8-oracle/jre/lib/resources.jar:/usr/lib/jvm/java-8-oracle/jre/lib/rt.jar:/usr/lib/jvm/java-8-oracle/jre/lib/sunrsasign.jar:/usr/lib/jvm/java-8-oracle/jre/lib/jsse.jar:/usr/lib/jvm/java-8-oracle/jre/lib/jce.jar:/usr/lib/jvm/java-8-oracle/jre/lib/charsets.jar:/usr/lib/jvm/java-8-oracle/jre/lib/jfr.jar:/usr/lib/jvm/java-8-oracle/jre/classes
[INFO ] 2017-11-16T09:57:31,075Z [main] Main.main - classpath: /home/ubuntu/corda/build/nodes/Instance304/corda-webserver.jar:/home/ubuntu/.capsule/apps/net.corda.webserver.WebServer_1.0.0/corda-rpc-1.0.0.jar:/home/ubuntu/.capsule/apps/net.corda.webserver.WebServer_1.0.0/corda-jackson-1.0.0.jar:/home/ubuntu/.capsule/apps/net.corda.webserver.WebServer_1.0.0/corda-node-api-1.0.0.jar:/home/ubuntu/.capsule/apps/net.corda.webserver.WebServer_1.0.0/corda-core-1.0.0.jar:/home/ubuntu/.capsule/apps/net.corda.webserver.WebServer_1.0.0/jetty-webapp-9.3.9.v20160517.jar:/home/ubuntu/.capsule/apps/net.corda.webserver.WebServer_1.0.0/jetty-servlet-9.3.9.v20160517.jar:/home/ubuntu/.capsule/apps/net.corda.webserver.WebServer_1.0.0/jersey-container-jetty-http-2.25.jar:/home/ubuntu/.capsule/apps/net.corda.webserver.WebServer_1.0.0/jetty-security-9.3.9.v20160517.jar:/home/ubuntu/.capsule/apps/net.corda.webserver.WebServer_1.0.0/jetty-server-9.3.9.v20160517.jar:/home/ubuntu/.capsule/apps/net.corda.webserver.WebServer_1.0.0/javax.servlet-api-3.1.0.jar:/home/ubuntu/.capsule/apps/net.corda.webserver.WebServer_1.0.0/commons-fileupload-1.3.2.jar:/home/ubuntu/.capsule/apps/net.corda.webserver.WebServer_1.0.0/log4j-slf4j-impl-2.7.jar:/home/ubuntu/.capsule/apps/net.corda.webserver.WebServer_1.0.0/log4j-core-2.7.jar:/home/ubuntu/.capsule/apps/net.corda.webserver.WebServer_1.0.0/jopt-simple-5.0.2.jar:/home/ubuntu/.capsule/apps/net.corda.webserver.WebServer_1.0.0/jersey-container-servlet-core-2.25.jar:/home/ubuntu/.capsule/apps/net.corda.webserver.WebServer_1.0.0/jersey-server-2.25.jar:/home/ubuntu/.capsule/apps/net.corda.webserver.WebServer_1.0.0/jersey-media-json-jackson-2.25.jar:/home/ubuntu/.capsule/apps/net.corda.webserver.WebServer_1.0.0/kotlinx-html-jvm-0.6.3.jar:/home/ubuntu/.capsule/apps/net.corda.webserver.WebServer_1.0.0/kotlin-stdlib-jre8-1.1.4.jar:/home/ubuntu/.capsule/apps/net.corda.webserver.WebServer_1.0.0/jackson-module-kotlin-2.8.5.jar:/home/ubuntu/.capsule/apps/net.corda.webserver.WebServer_1.0.0/kotlin-reflect-1.1.4.jar:/home/ubuntu/.capsule/apps/net.corda.webserver.WebServer_1.0.0/jsr305-3.0.1.jar:/home/ubuntu/.capsule/apps/net.corda.webserver.WebServer_1.0.0/jcl-over-slf4j-1.7.25.jar:/home/ubuntu/.capsule/apps/net.corda.webserver.WebServer_1.0.0/slf4j-api-1.7.25.jar:/home/ubuntu/.capsule/apps/net.corda.webserver.WebServer_1.0.0/rxjava-1.2.4.jar:/home/ubuntu/.capsule/apps/net.corda.webserver.WebServer_1.0.0/commons-jexl3-3.0.jar:/home/ubuntu/.capsule/apps/net.corda.webserver.WebServer_1.0.0/jackson-datatype-jsr310-2.8.5.jar:/home/ubuntu/.capsule/apps/net.corda.webserver.WebServer_1.0.0/jackson-jaxrs-json-provider-2.8.4.jar:/home/ubuntu/.capsule/apps/net.corda.webserver.WebServer_1.0.0/jackson-jaxrs-base-2.8.4.jar:/home/ubuntu/.capsule/apps/net.corda.webserver.WebServer_1.0.0/jackson-module-jaxb-annotations-2.8.4.jar:/home/ubuntu/.capsule/apps/net.corda.webserver.WebServer_1.0.0/jackson-databind-2.8.5.jar:/home/ubuntu/.capsule/apps/net.corda.webserver.WebServer_1.0.0/eddsa-0.2.0.jar:/home/ubuntu/.capsule/apps/net.corda.webserver.WebServer_1.0.0/bcpkix-jdk15on-1.57.jar:/home/ubuntu/.capsule/apps/net.corda.webserver.WebServer_1.0.0/bcprov-jdk15on-1.57.jar:/home/ubuntu/.capsule/apps/net.corda.webserver.WebServer_1.0.0/hibernate-jpa-2.1-api-1.0.0.Final.jar:/home/ubuntu/.capsule/apps/net.corda.webserver.WebServer_1.0.0/quasar-core-0.7.9-jdk8.jar:/home/ubuntu/.capsule/apps/net.corda.webserver.WebServer_1.0.0/jackson-dataformat-yaml-2.8.5.jar:/home/ubuntu/.capsule/apps/net.corda.webserver.WebServer_1.0.0/artemis-core-client-2.1.0.jar:/home/ubuntu/.capsule/apps/net.corda.webserver.WebServer_1.0.0/artemis-commons-2.1.0.jar:/home/ubuntu/.capsule/apps/net.corda.webserver.WebServer_1.0.0/guava-21.0.jar:/home/ubuntu/.capsule/apps/net.corda.webserver.WebServer_1.0.0/jetty-xml-9.3.9.v20160517.jar:/home/ubuntu/.capsule/apps/net.corda.webserver.WebServer_1.0.0/jolokia-server-detector-2.0.0-M3.jar:/home/ubuntu/.capsule/apps/net.corda.webserver.WebServer_1.0.0/jolokia-service-jsr160-2.0.0-M3.jar:/home/ubuntu/.capsule/apps/net.corda.webserver.WebServer_1.0.0/jolokia-service-jmx-2.0.0-M3.jar:/home/ubuntu/.capsule/apps/net.corda.webserver.WebServer_1.0.0/jolokia-service-serializer-2.0.0-M3.jar:/home/ubuntu/.capsule/apps/net.corda.webserver.WebServer_1.0.0/jolokia-service-notif-pull-2.0.0-M3.jar:/home/ubuntu/.capsule/apps/net.corda.webserver.WebServer_1.0.0/jolokia-service-notif-sse-2.0.0-M3.jar:/home/ubuntu/.capsule/apps/net.corda.webserver.WebServer_1.0.0/jolokia-service-discovery-2.0.0-M3.jar:/home/ubuntu/.capsule/apps/net.corda.webserver.WebServer_1.0.0/jolokia-service-history-2.0.0-M3.jar:/home/ubuntu/.capsule/apps/net.corda.webserver.WebServer_1.0.0/jolokia-server-core-2.0.0-M3.jar:/home/ubuntu/.capsule/apps/net.corda.webserver.WebServer_1.0.0/commons-io-2.2.jar:/home/ubuntu/.capsule/apps/net.corda.webserver.WebServer_1.0.0/log4j-api-2.7.jar:/home/ubuntu/.capsule/apps/net.corda.webserver.WebServer_1.0.0/jersey-client-2.25.jar:/home/ubuntu/.capsule/apps/net.corda.webserver.WebServer_1.0.0/jersey-media-jaxb-2.25.jar:/home/ubuntu/.capsule/apps/net.corda.webserver.WebServer_1.0.0/jersey-common-2.25.jar:/home/ubuntu/.capsule/apps/net.corda.webserver.WebServer_1.0.0/jersey-entity-filtering-2.25.jar:/home/ubuntu/.capsule/apps/net.corda.webserver.WebServer_1.0.0/javax.ws.rs-api-2.0.1.jar:/home/ubuntu/.capsule/apps/net.corda.webserver.WebServer_1.0.0/javax.annotation-api-1.2.jar:/home/ubuntu/.capsule/apps/net.corda.webserver.WebServer_1.0.0/hk2-locator-2.5.0-b30.jar:/home/ubuntu/.capsule/apps/net.corda.webserver.WebServer_1.0.0/hk2-api-2.5.0-b30.jar:/home/ubuntu/.capsule/apps/net.corda.webserver.WebServer_1.0.0/javax.inject-2.5.0-b30.jar:/home/ubuntu/.capsule/apps/net.corda.webserver.WebServer_1.0.0/validation-api-1.1.0.Final.jar:/home/ubuntu/.capsule/apps/net.corda.webserver.WebServer_1.0.0/jetty-http-9.3.9.v20160517.jar:/home/ubuntu/.capsule/apps/net.corda.webserver.WebServer_1.0.0/jetty-io-9.3.9.v20160517.jar:/home/ubuntu/.capsule/apps/net.corda.webserver.WebServer_1.0.0/jetty-util-9.3.9.v20160517.jar:/home/ubuntu/.capsule/apps/net.corda.webserver.WebServer_1.0.0/jetty-continuation-9.2.14.v20151106.jar:/home/ubuntu/.capsule/apps/net.corda.webserver.WebServer_1.0.0/jackson-annotations-2.8.5.jar:/home/ubuntu/.capsule/apps/net.corda.webserver.WebServer_1.0.0/kotlin-stdlib-jre7-1.1.4.jar:/home/ubuntu/.capsule/apps/net.corda.webserver.WebServer_1.0.0/kotlin-stdlib-1.1.4.jar:/home/ubuntu/.capsule/apps/net.corda.webserver.WebServer_1.0.0/jackson-core-2.8.5.jar:/home/ubuntu/.capsule/apps/net.corda.webserver.WebServer_1.0.0/config-1.3.1.jar:/home/ubuntu/.capsule/apps/net.corda.webserver.WebServer_1.0.0/kryo-serializers-0.41.jar:/home/ubuntu/.capsule/apps/net.corda.webserver.WebServer_1.0.0/kryo-4.0.0.jar:/home/ubuntu/.capsule/apps/net.corda.webserver.WebServer_1.0.0/proton-j-0.21.0.jar:/home/ubuntu/.capsule/apps/net.corda.webserver.WebServer_1.0.0/snakeyaml-1.17.jar:/home/ubuntu/.capsule/apps/net.corda.webserver.WebServer_1.0.0/json-simple-1.1.1.jar:/home/ubuntu/.capsule/apps/net.corda.webserver.WebServer_1.0.0/jersey-guava-2.25.jar:/home/ubuntu/.capsule/apps/net.corda.webserver.WebServer_1.0.0/osgi-resource-locator-1.0.1.jar:/home/ubuntu/.capsule/apps/net.corda.webserver.WebServer_1.0.0/hk2-utils-2.5.0-b30.jar:/home/ubuntu/.capsule/apps/net.corda.webserver.WebServer_1.0.0/aopalliance-repackaged-2.5.0-b30.jar:/home/ubuntu/.capsule/apps/net.corda.webserver.WebServer_1.0.0/javassist-3.20.0-GA.jar:/home/ubuntu/.capsule/apps/net.corda.webserver.WebServer_1.0.0/jgroups-3.6.13.Final.jar:/home/ubuntu/.capsule/apps/net.corda.webserver.WebServer_1.0.0/netty-all-4.1.9.Final.jar:/home/ubuntu/.capsule/apps/net.corda.webserver.WebServer_1.0.0/geronimo-json_1.0_spec-1.0-alpha-1.jar:/home/ubuntu/.capsule/apps/net.corda.webserver.WebServer_1.0.0/johnzon-core-0.9.5.jar:/home/ubuntu/.capsule/apps/net.corda.webserver.WebServer_1.0.0/jboss-logging-3.3.0.Final.jar:/home/ubuntu/.capsule/apps/net.corda.webserver.WebServer_1.0.0/commons-beanutils-1.9.2.jar:/home/ubuntu/.capsule/apps/net.corda.webserver.WebServer_1.0.0/reflectasm-1.11.3.jar:/home/ubuntu/.capsule/apps/net.corda.webserver.WebServer_1.0.0/minlog-1.3.0.jar:/home/ubuntu/.capsule/apps/net.corda.webserver.WebServer_1.0.0/objenesis-2.2.jar:/home/ubuntu/.capsule/apps/net.corda.webserver.WebServer_1.0.0/javax.inject-1.jar:/home/ubuntu/.capsule/apps/net.corda.webserver.WebServer_1.0.0/commons-collections-3.2.1.jar:/home/ubuntu/.capsule/apps/net.corda.webserver.WebServer_1.0.0/asm-5.0.4.jar:/home/ubuntu/.capsule/apps/net.corda.webserver.WebServer_1.0.0/annotations-13.0.jar:/home/ubuntu/.capsule/apps/net.corda.webserver.WebServer_1.0.0/corda-webserver-impl-1.0.0.jar:/home/ubuntu/corda/build/nodes/Instance304/plugins/corda-0.1.jar:/home/ubuntu/.capsule/apps/net.corda.webserver.WebServer_1.0.0/quasar-core-0.7.9-jdk8.jar
[INFO ] 2017-11-16T09:57:31,079Z [main] Main.main - VM Java HotSpot(TM) 64-Bit Server VM Oracle Corporation 25.151-b12
[INFO ] 2017-11-16T09:57:31,502Z [main] Main.main - Machine: ip-172-31-23-70
[INFO ] 2017-11-16T09:57:31,503Z [main] Main.main - Working Directory: /home/ubuntu/corda/build/nodes/Instance304
[INFO ] 2017-11-16T09:58:30,957Z [main] Main.main - Starting as webserver on localhost:20304
[INFO ] 2017-11-16T09:58:34,038Z [main] BasicInfo.logAndMaybePrint - Starting as webserver: localhost:20304
[INFO ] 2017-11-16T09:58:34,160Z [main] internal.NodeWebServer.connectLocalRpcAsNodeUser - Connecting to node at localhost:10304 as node user
[INFO ] 2017-11-16T10:48:45,102Z [main] webserver.CmdLineOptions.loadConfig - Config:
{
    # hardcoded value
    "baseDirectory" : "/home/ubuntu/corda/build/nodes/Instance304",
    # /home/ubuntu/corda/build/nodes/Instance304/node.conf: 1
    "extraAdvertisedServiceIds" : [],
    # web-reference.conf @ jar:file:/home/ubuntu/.capsule/apps/net.corda.webserver.WebServer_1.0.0/corda-webserver-impl-1.0.0.jar!/web-reference.conf: 2
    "keyStorePassword" : "cordacadevpass",
    # /home/ubuntu/corda/build/nodes/Instance304/node.conf: 2
    "myLegalName" : "O=Instance304,L=London,C=GB",
    # /home/ubuntu/corda/build/nodes/Instance304/node.conf: 3
    "networkMapService" : {
        # /home/ubuntu/corda/build/nodes/Instance304/node.conf: 4
        "address" : "localhost:10000",
        # /home/ubuntu/corda/build/nodes/Instance304/node.conf: 5
        "legalName" : "O=Controller,L=London,C=GB"
    },
    # /home/ubuntu/corda/build/nodes/Instance304/node.conf: 7
    "p2pAddress" : "localhost:10304",
    # /home/ubuntu/corda/build/nodes/Instance304/node.conf: 8
    "rpcAddress" : "localhost:30304",
    # /home/ubuntu/corda/build/nodes/Instance304/node.conf: 9
    "rpcUsers" : [
        # /home/ubuntu/corda/build/nodes/Instance304/node.conf: 10
        {
            # /home/ubuntu/corda/build/nodes/Instance304/node.conf: 11
            "password" : "test",
            # /home/ubuntu/corda/build/nodes/Instance304/node.conf: 12
            "permissions" : [],
            # /home/ubuntu/corda/build/nodes/Instance304/node.conf: 13
            "user" : "user1"
        }
    ],
    # web-reference.conf @ jar:file:/home/ubuntu/.capsule/apps/net.corda.webserver.WebServer_1.0.0/corda-webserver-impl-1.0.0.jar!/web-reference.conf: 3
    "trustStorePassword" : "trustpass",
    # web-reference.conf @ jar:file:/home/ubuntu/.capsule/apps/net.corda.webserver.WebServer_1.0.0/corda-webserver-impl-1.0.0.jar!/web-reference.conf: 1
    "useHTTPS" : false,
    # /home/ubuntu/corda/build/nodes/Instance304/node.conf: 16
    "webAddress" : "localhost:20304"
}

[INFO ] 2017-11-16T10:48:45,335Z [main] Main.main - Main class: /home/ubuntu/.capsule/apps/net.corda.webserver.WebServer_1.0.0/corda-webserver-impl-1.0.0.jar
[INFO ] 2017-11-16T10:48:46,028Z [main] Main.main - CommandLine Args: -Xmx200m -XX:+UseG1GC -XX:ParallelGCThreads=1 -javaagent:/home/ubuntu/.capsule/apps/net.corda.webserver.WebServer_1.0.0/quasar-core-0.7.9-jdk8.jar -Dvisualvm.display.name=Corda -Djava.library.path=/usr/java/packages/lib/amd64:/usr/lib64:/lib64:/lib:/usr/lib:/home/ubuntu/.capsule/apps/net.corda.webserver.WebServer_1.0.0 -Dcapsule.app=net.corda.webserver.WebServer_1.0.0 -DWebserver -Dcapsule.dir=/home/ubuntu/.capsule/apps/net.corda.webserver.WebServer_1.0.0 -Dcapsule.jar=/home/ubuntu/corda/build/nodes/Instance304/corda-webserver.jar
[INFO ] 2017-11-16T10:48:46,800Z [main] Main.main - Application Args: 
[INFO ] 2017-11-16T10:48:46,815Z [main] Main.main - bootclasspath: /usr/lib/jvm/java-8-oracle/jre/lib/resources.jar:/usr/lib/jvm/java-8-oracle/jre/lib/rt.jar:/usr/lib/jvm/java-8-oracle/jre/lib/sunrsasign.jar:/usr/lib/jvm/java-8-oracle/jre/lib/jsse.jar:/usr/lib/jvm/java-8-oracle/jre/lib/jce.jar:/usr/lib/jvm/java-8-oracle/jre/lib/charsets.jar:/usr/lib/jvm/java-8-oracle/jre/lib/jfr.jar:/usr/lib/jvm/java-8-oracle/jre/classes
[INFO ] 2017-11-16T10:48:46,815Z [main] Main.main - classpath: /home/ubuntu/corda/build/nodes/Instance304/corda-webserver.jar:/home/ubuntu/.capsule/apps/net.corda.webserver.WebServer_1.0.0/corda-rpc-1.0.0.jar:/home/ubuntu/.capsule/apps/net.corda.webserver.WebServer_1.0.0/corda-jackson-1.0.0.jar:/home/ubuntu/.capsule/apps/net.corda.webserver.WebServer_1.0.0/corda-node-api-1.0.0.jar:/home/ubuntu/.capsule/apps/net.corda.webserver.WebServer_1.0.0/corda-core-1.0.0.jar:/home/ubuntu/.capsule/apps/net.corda.webserver.WebServer_1.0.0/jetty-webapp-9.3.9.v20160517.jar:/home/ubuntu/.capsule/apps/net.corda.webserver.WebServer_1.0.0/jetty-servlet-9.3.9.v20160517.jar:/home/ubuntu/.capsule/apps/net.corda.webserver.WebServer_1.0.0/jersey-container-jetty-http-2.25.jar:/home/ubuntu/.capsule/apps/net.corda.webserver.WebServer_1.0.0/jetty-security-9.3.9.v20160517.jar:/home/ubuntu/.capsule/apps/net.corda.webserver.WebServer_1.0.0/jetty-server-9.3.9.v20160517.jar:/home/ubuntu/.capsule/apps/net.corda.webserver.WebServer_1.0.0/javax.servlet-api-3.1.0.jar:/home/ubuntu/.capsule/apps/net.corda.webserver.WebServer_1.0.0/commons-fileupload-1.3.2.jar:/home/ubuntu/.capsule/apps/net.corda.webserver.WebServer_1.0.0/log4j-slf4j-impl-2.7.jar:/home/ubuntu/.capsule/apps/net.corda.webserver.WebServer_1.0.0/log4j-core-2.7.jar:/home/ubuntu/.capsule/apps/net.corda.webserver.WebServer_1.0.0/jopt-simple-5.0.2.jar:/home/ubuntu/.capsule/apps/net.corda.webserver.WebServer_1.0.0/jersey-container-servlet-core-2.25.jar:/home/ubuntu/.capsule/apps/net.corda.webserver.WebServer_1.0.0/jersey-server-2.25.jar:/home/ubuntu/.capsule/apps/net.corda.webserver.WebServer_1.0.0/jersey-media-json-jackson-2.25.jar:/home/ubuntu/.capsule/apps/net.corda.webserver.WebServer_1.0.0/kotlinx-html-jvm-0.6.3.jar:/home/ubuntu/.capsule/apps/net.corda.webserver.WebServer_1.0.0/kotlin-stdlib-jre8-1.1.4.jar:/home/ubuntu/.capsule/apps/net.corda.webserver.WebServer_1.0.0/jackson-module-kotlin-2.8.5.jar:/home/ubuntu/.capsule/apps/net.corda.webserver.WebServer_1.0.0/kotlin-reflect-1.1.4.jar:/home/ubuntu/.capsule/apps/net.corda.webserver.WebServer_1.0.0/jsr305-3.0.1.jar:/home/ubuntu/.capsule/apps/net.corda.webserver.WebServer_1.0.0/jcl-over-slf4j-1.7.25.jar:/home/ubuntu/.capsule/apps/net.corda.webserver.WebServer_1.0.0/slf4j-api-1.7.25.jar:/home/ubuntu/.capsule/apps/net.corda.webserver.WebServer_1.0.0/rxjava-1.2.4.jar:/home/ubuntu/.capsule/apps/net.corda.webserver.WebServer_1.0.0/commons-jexl3-3.0.jar:/home/ubuntu/.capsule/apps/net.corda.webserver.WebServer_1.0.0/jackson-datatype-jsr310-2.8.5.jar:/home/ubuntu/.capsule/apps/net.corda.webserver.WebServer_1.0.0/jackson-jaxrs-json-provider-2.8.4.jar:/home/ubuntu/.capsule/apps/net.corda.webserver.WebServer_1.0.0/jackson-jaxrs-base-2.8.4.jar:/home/ubuntu/.capsule/apps/net.corda.webserver.WebServer_1.0.0/jackson-module-jaxb-annotations-2.8.4.jar:/home/ubuntu/.capsule/apps/net.corda.webserver.WebServer_1.0.0/jackson-databind-2.8.5.jar:/home/ubuntu/.capsule/apps/net.corda.webserver.WebServer_1.0.0/eddsa-0.2.0.jar:/home/ubuntu/.capsule/apps/net.corda.webserver.WebServer_1.0.0/bcpkix-jdk15on-1.57.jar:/home/ubuntu/.capsule/apps/net.corda.webserver.WebServer_1.0.0/bcprov-jdk15on-1.57.jar:/home/ubuntu/.capsule/apps/net.corda.webserver.WebServer_1.0.0/hibernate-jpa-2.1-api-1.0.0.Final.jar:/home/ubuntu/.capsule/apps/net.corda.webserver.WebServer_1.0.0/quasar-core-0.7.9-jdk8.jar:/home/ubuntu/.capsule/apps/net.corda.webserver.WebServer_1.0.0/jackson-dataformat-yaml-2.8.5.jar:/home/ubuntu/.capsule/apps/net.corda.webserver.WebServer_1.0.0/artemis-core-client-2.1.0.jar:/home/ubuntu/.capsule/apps/net.corda.webserver.WebServer_1.0.0/artemis-commons-2.1.0.jar:/home/ubuntu/.capsule/apps/net.corda.webserver.WebServer_1.0.0/guava-21.0.jar:/home/ubuntu/.capsule/apps/net.corda.webserver.WebServer_1.0.0/jetty-xml-9.3.9.v20160517.jar:/home/ubuntu/.capsule/apps/net.corda.webserver.WebServer_1.0.0/jolokia-server-detector-2.0.0-M3.jar:/home/ubuntu/.capsule/apps/net.corda.webserver.WebServer_1.0.0/jolokia-service-jsr160-2.0.0-M3.jar:/home/ubuntu/.capsule/apps/net.corda.webserver.WebServer_1.0.0/jolokia-service-jmx-2.0.0-M3.jar:/home/ubuntu/.capsule/apps/net.corda.webserver.WebServer_1.0.0/jolokia-service-serializer-2.0.0-M3.jar:/home/ubuntu/.capsule/apps/net.corda.webserver.WebServer_1.0.0/jolokia-service-notif-pull-2.0.0-M3.jar:/home/ubuntu/.capsule/apps/net.corda.webserver.WebServer_1.0.0/jolokia-service-notif-sse-2.0.0-M3.jar:/home/ubuntu/.capsule/apps/net.corda.webserver.WebServer_1.0.0/jolokia-service-discovery-2.0.0-M3.jar:/home/ubuntu/.capsule/apps/net.corda.webserver.WebServer_1.0.0/jolokia-service-history-2.0.0-M3.jar:/home/ubuntu/.capsule/apps/net.corda.webserver.WebServer_1.0.0/jolokia-server-core-2.0.0-M3.jar:/home/ubuntu/.capsule/apps/net.corda.webserver.WebServer_1.0.0/commons-io-2.2.jar:/home/ubuntu/.capsule/apps/net.corda.webserver.WebServer_1.0.0/log4j-api-2.7.jar:/home/ubuntu/.capsule/apps/net.corda.webserver.WebServer_1.0.0/jersey-client-2.25.jar:/home/ubuntu/.capsule/apps/net.corda.webserver.WebServer_1.0.0/jersey-media-jaxb-2.25.jar:/home/ubuntu/.capsule/apps/net.corda.webserver.WebServer_1.0.0/jersey-common-2.25.jar:/home/ubuntu/.capsule/apps/net.corda.webserver.WebServer_1.0.0/jersey-entity-filtering-2.25.jar:/home/ubuntu/.capsule/apps/net.corda.webserver.WebServer_1.0.0/javax.ws.rs-api-2.0.1.jar:/home/ubuntu/.capsule/apps/net.corda.webserver.WebServer_1.0.0/javax.annotation-api-1.2.jar:/home/ubuntu/.capsule/apps/net.corda.webserver.WebServer_1.0.0/hk2-locator-2.5.0-b30.jar:/home/ubuntu/.capsule/apps/net.corda.webserver.WebServer_1.0.0/hk2-api-2.5.0-b30.jar:/home/ubuntu/.capsule/apps/net.corda.webserver.WebServer_1.0.0/javax.inject-2.5.0-b30.jar:/home/ubuntu/.capsule/apps/net.corda.webserver.WebServer_1.0.0/validation-api-1.1.0.Final.jar:/home/ubuntu/.capsule/apps/net.corda.webserver.WebServer_1.0.0/jetty-http-9.3.9.v20160517.jar:/home/ubuntu/.capsule/apps/net.corda.webserver.WebServer_1.0.0/jetty-io-9.3.9.v20160517.jar:/home/ubuntu/.capsule/apps/net.corda.webserver.WebServer_1.0.0/jetty-util-9.3.9.v20160517.jar:/home/ubuntu/.capsule/apps/net.corda.webserver.WebServer_1.0.0/jetty-continuation-9.2.14.v20151106.jar:/home/ubuntu/.capsule/apps/net.corda.webserver.WebServer_1.0.0/jackson-annotations-2.8.5.jar:/home/ubuntu/.capsule/apps/net.corda.webserver.WebServer_1.0.0/kotlin-stdlib-jre7-1.1.4.jar:/home/ubuntu/.capsule/apps/net.corda.webserver.WebServer_1.0.0/kotlin-stdlib-1.1.4.jar:/home/ubuntu/.capsule/apps/net.corda.webserver.WebServer_1.0.0/jackson-core-2.8.5.jar:/home/ubuntu/.capsule/apps/net.corda.webserver.WebServer_1.0.0/config-1.3.1.jar:/home/ubuntu/.capsule/apps/net.corda.webserver.WebServer_1.0.0/kryo-serializers-0.41.jar:/home/ubuntu/.capsule/apps/net.corda.webserver.WebServer_1.0.0/kryo-4.0.0.jar:/home/ubuntu/.capsule/apps/net.corda.webserver.WebServer_1.0.0/proton-j-0.21.0.jar:/home/ubuntu/.capsule/apps/net.corda.webserver.WebServer_1.0.0/snakeyaml-1.17.jar:/home/ubuntu/.capsule/apps/net.corda.webserver.WebServer_1.0.0/json-simple-1.1.1.jar:/home/ubuntu/.capsule/apps/net.corda.webserver.WebServer_1.0.0/jersey-guava-2.25.jar:/home/ubuntu/.capsule/apps/net.corda.webserver.WebServer_1.0.0/osgi-resource-locator-1.0.1.jar:/home/ubuntu/.capsule/apps/net.corda.webserver.WebServer_1.0.0/hk2-utils-2.5.0-b30.jar:/home/ubuntu/.capsule/apps/net.corda.webserver.WebServer_1.0.0/aopalliance-repackaged-2.5.0-b30.jar:/home/ubuntu/.capsule/apps/net.corda.webserver.WebServer_1.0.0/javassist-3.20.0-GA.jar:/home/ubuntu/.capsule/apps/net.corda.webserver.WebServer_1.0.0/jgroups-3.6.13.Final.jar:/home/ubuntu/.capsule/apps/net.corda.webserver.WebServer_1.0.0/netty-all-4.1.9.Final.jar:/home/ubuntu/.capsule/apps/net.corda.webserver.WebServer_1.0.0/geronimo-json_1.0_spec-1.0-alpha-1.jar:/home/ubuntu/.capsule/apps/net.corda.webserver.WebServer_1.0.0/johnzon-core-0.9.5.jar:/home/ubuntu/.capsule/apps/net.corda.webserver.WebServer_1.0.0/jboss-logging-3.3.0.Final.jar:/home/ubuntu/.capsule/apps/net.corda.webserver.WebServer_1.0.0/commons-beanutils-1.9.2.jar:/home/ubuntu/.capsule/apps/net.corda.webserver.WebServer_1.0.0/reflectasm-1.11.3.jar:/home/ubuntu/.capsule/apps/net.corda.webserver.WebServer_1.0.0/minlog-1.3.0.jar:/home/ubuntu/.capsule/apps/net.corda.webserver.WebServer_1.0.0/objenesis-2.2.jar:/home/ubuntu/.capsule/apps/net.corda.webserver.WebServer_1.0.0/javax.inject-1.jar:/home/ubuntu/.capsule/apps/net.corda.webserver.WebServer_1.0.0/commons-collections-3.2.1.jar:/home/ubuntu/.capsule/apps/net.corda.webserver.WebServer_1.0.0/asm-5.0.4.jar:/home/ubuntu/.capsule/apps/net.corda.webserver.WebServer_1.0.0/annotations-13.0.jar:/home/ubuntu/.capsule/apps/net.corda.webserver.WebServer_1.0.0/corda-webserver-impl-1.0.0.jar:/home/ubuntu/corda/build/nodes/Instance304/plugins/corda-0.1.jar:/home/ubuntu/.capsule/apps/net.corda.webserver.WebServer_1.0.0/quasar-core-0.7.9-jdk8.jar
[INFO ] 2017-11-16T10:48:46,821Z [main] Main.main - VM Java HotSpot(TM) 64-Bit Server VM Oracle Corporation 25.151-b12
[INFO ] 2017-11-16T10:48:46,831Z [main] Main.main - Machine: ip-172-31-23-70
[INFO ] 2017-11-16T10:48:46,836Z [main] Main.main - Working Directory: /home/ubuntu/corda/build/nodes/Instance304
[INFO ] 2017-11-16T10:48:54,756Z [main] Main.main - Starting as webserver on localhost:20304
[INFO ] 2017-11-16T10:48:55,167Z [main] BasicInfo.logAndMaybePrint - Starting as webserver: localhost:20304
[INFO ] 2017-11-16T10:48:55,171Z [main] internal.NodeWebServer.connectLocalRpcAsNodeUser - Connecting to node at localhost:10304 as node user
[INFO ] 2017-11-16T10:49:16,325Z [main] internal.RPCClient.logElapsedTime - Startup took 17922 msec
[INFO ] 2017-11-16T10:49:17,331Z [main] internal.NodeWebServer.connectLocalRpcAsNodeUser - Connecting to node at localhost:10304 as node user
[INFO ] 2017-11-16T10:49:17,487Z [main] internal.RPCClient.logElapsedTime - Startup took 154 msec
[INFO ] 2017-11-16T10:49:18,488Z [main] internal.NodeWebServer.connectLocalRpcAsNodeUser - Connecting to node at localhost:10304 as node user
[INFO ] 2017-11-16T10:49:18,596Z [main] internal.RPCClient.logElapsedTime - Startup took 107 msec
[INFO ] 2017-11-16T10:49:19,598Z [main] internal.NodeWebServer.connectLocalRpcAsNodeUser - Connecting to node at localhost:10304 as node user
[INFO ] 2017-11-16T10:49:19,707Z [main] internal.RPCClient.logElapsedTime - Startup took 107 msec
[INFO ] 2017-11-16T10:49:20,709Z [main] internal.NodeWebServer.connectLocalRpcAsNodeUser - Connecting to node at localhost:10304 as node user
[INFO ] 2017-11-16T10:49:20,830Z [main] internal.RPCClient.logElapsedTime - Startup took 118 msec
[INFO ] 2017-11-16T10:49:21,831Z [main] internal.NodeWebServer.connectLocalRpcAsNodeUser - Connecting to node at localhost:10304 as node user
[INFO ] 2017-11-16T10:49:21,907Z [main] internal.RPCClient.logElapsedTime - Startup took 74 msec
[INFO ] 2017-11-16T10:49:22,908Z [main] internal.NodeWebServer.connectLocalRpcAsNodeUser - Connecting to node at localhost:10304 as node user
[INFO ] 2017-11-16T10:49:22,987Z [main] internal.RPCClient.logElapsedTime - Startup took 78 msec
[INFO ] 2017-11-16T10:49:23,988Z [main] internal.NodeWebServer.connectLocalRpcAsNodeUser - Connecting to node at localhost:10304 as node user
[INFO ] 2017-11-16T10:49:24,064Z [main] internal.RPCClient.logElapsedTime - Startup took 74 msec
[INFO ] 2017-11-16T10:49:25,065Z [main] internal.NodeWebServer.connectLocalRpcAsNodeUser - Connecting to node at localhost:10304 as node user
[INFO ] 2017-11-16T10:49:25,116Z [main] internal.RPCClient.logElapsedTime - Startup took 49 msec
[INFO ] 2017-11-16T10:49:26,117Z [main] internal.NodeWebServer.connectLocalRpcAsNodeUser - Connecting to node at localhost:10304 as node user
[INFO ] 2017-11-16T10:49:26,155Z [main] internal.RPCClient.logElapsedTime - Startup took 36 msec
[INFO ] 2017-11-16T10:49:27,156Z [main] internal.NodeWebServer.connectLocalRpcAsNodeUser - Connecting to node at localhost:10304 as node user
[INFO ] 2017-11-16T10:49:27,157Z [main] internal.RPCClient.logElapsedTime - Startup took 1 msec
[ERROR] 2017-11-16T10:49:27,158Z [main] internal.NodeWebServer.retryConnectLocalRpc - Cannot start WebServer
java.lang.OutOfMemoryError: unable to create new native thread
	at java.lang.Thread.start0(Native Method) ~[?:1.8.0_151]
	at java.lang.Thread.start(Thread.java:717) ~[?:1.8.0_151]
	at java.util.concurrent.ThreadPoolExecutor.addWorker(ThreadPoolExecutor.java:957) ~[?:1.8.0_151]
	at java.util.concurrent.ThreadPoolExecutor.ensurePrestart(ThreadPoolExecutor.java:1603) ~[?:1.8.0_151]
	at java.util.concurrent.ScheduledThreadPoolExecutor.delayedExecute(ScheduledThreadPoolExecutor.java:334) ~[?:1.8.0_151]
	at java.util.concurrent.ScheduledThreadPoolExecutor.scheduleAtFixedRate(ScheduledThreadPoolExecutor.java:573) ~[?:1.8.0_151]
	at net.corda.client.rpc.internal.RPCClientProxyHandler.start(RPCClientProxyHandler.kt:180) ~[corda-rpc-1.0.0.jar:?]
	at net.corda.client.rpc.internal.RPCClient$start$1.invoke(RPCClient.kt:116) ~[corda-rpc-1.0.0.jar:?]
	at net.corda.client.rpc.internal.RPCClient$start$1.invoke(RPCClient.kt:82) ~[corda-rpc-1.0.0.jar:?]
	at net.corda.core.internal.InternalUtilsKt.logElapsedTime(InternalUtils.kt:168) ~[corda-core-1.0.0.jar:?]
	at net.corda.core.internal.InternalUtilsKt.logElapsedTime(InternalUtils.kt:160) ~[corda-core-1.0.0.jar:?]
	at net.corda.client.rpc.internal.RPCClient.start(RPCClient.kt:103) ~[corda-rpc-1.0.0.jar:?]
	at net.corda.client.rpc.CordaRPCClient.start(CordaRPCClient.kt:100) ~[corda-rpc-1.0.0.jar:?]
	at net.corda.webserver.internal.NodeWebServer.connectLocalRpcAsNodeUser(NodeWebServer.kt:210) ~[corda-webserver-impl-1.0.0.jar:?]
	at net.corda.webserver.internal.NodeWebServer.retryConnectLocalRpc(NodeWebServer.kt:188) [corda-webserver-impl-1.0.0.jar:?]
	at net.corda.webserver.internal.NodeWebServer.start(NodeWebServer.kt:45) [corda-webserver-impl-1.0.0.jar:?]
	at net.corda.webserver.WebServer.main(WebServer.kt:64) [corda-webserver-impl-1.0.0.jar:?]
[INFO ] 2017-11-16T11:42:09,441Z [main] webserver.CmdLineOptions.loadConfig - Config:
{
    # hardcoded value
    "baseDirectory" : "/home/ubuntu/corda/build/nodes/Instance304",
    # /home/ubuntu/corda/build/nodes/Instance304/node.conf: 1
    "extraAdvertisedServiceIds" : [],
    # web-reference.conf @ jar:file:/home/ubuntu/.capsule/apps/net.corda.webserver.WebServer_1.0.0/corda-webserver-impl-1.0.0.jar!/web-reference.conf: 2
    "keyStorePassword" : "cordacadevpass",
    # /home/ubuntu/corda/build/nodes/Instance304/node.conf: 2
    "myLegalName" : "O=Instance304,L=London,C=GB",
    # /home/ubuntu/corda/build/nodes/Instance304/node.conf: 3
    "networkMapService" : {
        # /home/ubuntu/corda/build/nodes/Instance304/node.conf: 4
        "address" : "localhost:10000",
        # /home/ubuntu/corda/build/nodes/Instance304/node.conf: 5
        "legalName" : "O=Controller,L=London,C=GB"
    },
    # /home/ubuntu/corda/build/nodes/Instance304/node.conf: 7
    "p2pAddress" : "localhost:10304",
    # /home/ubuntu/corda/build/nodes/Instance304/node.conf: 8
    "rpcAddress" : "localhost:30304",
    # /home/ubuntu/corda/build/nodes/Instance304/node.conf: 9
    "rpcUsers" : [
        # /home/ubuntu/corda/build/nodes/Instance304/node.conf: 10
        {
            # /home/ubuntu/corda/build/nodes/Instance304/node.conf: 11
            "password" : "test",
            # /home/ubuntu/corda/build/nodes/Instance304/node.conf: 12
            "permissions" : [],
            # /home/ubuntu/corda/build/nodes/Instance304/node.conf: 13
            "user" : "user1"
        }
    ],
    # web-reference.conf @ jar:file:/home/ubuntu/.capsule/apps/net.corda.webserver.WebServer_1.0.0/corda-webserver-impl-1.0.0.jar!/web-reference.conf: 3
    "trustStorePassword" : "trustpass",
    # web-reference.conf @ jar:file:/home/ubuntu/.capsule/apps/net.corda.webserver.WebServer_1.0.0/corda-webserver-impl-1.0.0.jar!/web-reference.conf: 1
    "useHTTPS" : false,
    # /home/ubuntu/corda/build/nodes/Instance304/node.conf: 16
    "webAddress" : "localhost:20304"
}

[INFO ] 2017-11-16T11:42:09,641Z [main] Main.main - Main class: /home/ubuntu/.capsule/apps/net.corda.webserver.WebServer_1.0.0/corda-webserver-impl-1.0.0.jar
[INFO ] 2017-11-16T11:42:10,373Z [main] Main.main - CommandLine Args: -Xmx8g -XX:+UseG1GC -XX:ParallelGCThreads=1 -javaagent:/home/ubuntu/.capsule/apps/net.corda.webserver.WebServer_1.0.0/quasar-core-0.7.9-jdk8.jar -Dvisualvm.display.name=Corda -Djava.library.path=/usr/java/packages/lib/amd64:/usr/lib64:/lib64:/lib:/usr/lib:/home/ubuntu/.capsule/apps/net.corda.webserver.WebServer_1.0.0 -Dcapsule.app=net.corda.webserver.WebServer_1.0.0 -DWebserver -Dcapsule.dir=/home/ubuntu/.capsule/apps/net.corda.webserver.WebServer_1.0.0 -Dcapsule.jar=/home/ubuntu/corda/build/nodes/Instance304/corda-webserver.jar
[INFO ] 2017-11-16T11:42:12,704Z [main] Main.main - Application Args: 
[INFO ] 2017-11-16T11:42:12,705Z [main] Main.main - bootclasspath: /usr/lib/jvm/java-8-oracle/jre/lib/resources.jar:/usr/lib/jvm/java-8-oracle/jre/lib/rt.jar:/usr/lib/jvm/java-8-oracle/jre/lib/sunrsasign.jar:/usr/lib/jvm/java-8-oracle/jre/lib/jsse.jar:/usr/lib/jvm/java-8-oracle/jre/lib/jce.jar:/usr/lib/jvm/java-8-oracle/jre/lib/charsets.jar:/usr/lib/jvm/java-8-oracle/jre/lib/jfr.jar:/usr/lib/jvm/java-8-oracle/jre/classes
[INFO ] 2017-11-16T11:42:12,705Z [main] Main.main - classpath: /home/ubuntu/corda/build/nodes/Instance304/corda-webserver.jar:/home/ubuntu/.capsule/apps/net.corda.webserver.WebServer_1.0.0/corda-rpc-1.0.0.jar:/home/ubuntu/.capsule/apps/net.corda.webserver.WebServer_1.0.0/corda-jackson-1.0.0.jar:/home/ubuntu/.capsule/apps/net.corda.webserver.WebServer_1.0.0/corda-node-api-1.0.0.jar:/home/ubuntu/.capsule/apps/net.corda.webserver.WebServer_1.0.0/corda-core-1.0.0.jar:/home/ubuntu/.capsule/apps/net.corda.webserver.WebServer_1.0.0/jetty-webapp-9.3.9.v20160517.jar:/home/ubuntu/.capsule/apps/net.corda.webserver.WebServer_1.0.0/jetty-servlet-9.3.9.v20160517.jar:/home/ubuntu/.capsule/apps/net.corda.webserver.WebServer_1.0.0/jersey-container-jetty-http-2.25.jar:/home/ubuntu/.capsule/apps/net.corda.webserver.WebServer_1.0.0/jetty-security-9.3.9.v20160517.jar:/home/ubuntu/.capsule/apps/net.corda.webserver.WebServer_1.0.0/jetty-server-9.3.9.v20160517.jar:/home/ubuntu/.capsule/apps/net.corda.webserver.WebServer_1.0.0/javax.servlet-api-3.1.0.jar:/home/ubuntu/.capsule/apps/net.corda.webserver.WebServer_1.0.0/commons-fileupload-1.3.2.jar:/home/ubuntu/.capsule/apps/net.corda.webserver.WebServer_1.0.0/log4j-slf4j-impl-2.7.jar:/home/ubuntu/.capsule/apps/net.corda.webserver.WebServer_1.0.0/log4j-core-2.7.jar:/home/ubuntu/.capsule/apps/net.corda.webserver.WebServer_1.0.0/jopt-simple-5.0.2.jar:/home/ubuntu/.capsule/apps/net.corda.webserver.WebServer_1.0.0/jersey-container-servlet-core-2.25.jar:/home/ubuntu/.capsule/apps/net.corda.webserver.WebServer_1.0.0/jersey-server-2.25.jar:/home/ubuntu/.capsule/apps/net.corda.webserver.WebServer_1.0.0/jersey-media-json-jackson-2.25.jar:/home/ubuntu/.capsule/apps/net.corda.webserver.WebServer_1.0.0/kotlinx-html-jvm-0.6.3.jar:/home/ubuntu/.capsule/apps/net.corda.webserver.WebServer_1.0.0/kotlin-stdlib-jre8-1.1.4.jar:/home/ubuntu/.capsule/apps/net.corda.webserver.WebServer_1.0.0/jackson-module-kotlin-2.8.5.jar:/home/ubuntu/.capsule/apps/net.corda.webserver.WebServer_1.0.0/kotlin-reflect-1.1.4.jar:/home/ubuntu/.capsule/apps/net.corda.webserver.WebServer_1.0.0/jsr305-3.0.1.jar:/home/ubuntu/.capsule/apps/net.corda.webserver.WebServer_1.0.0/jcl-over-slf4j-1.7.25.jar:/home/ubuntu/.capsule/apps/net.corda.webserver.WebServer_1.0.0/slf4j-api-1.7.25.jar:/home/ubuntu/.capsule/apps/net.corda.webserver.WebServer_1.0.0/rxjava-1.2.4.jar:/home/ubuntu/.capsule/apps/net.corda.webserver.WebServer_1.0.0/commons-jexl3-3.0.jar:/home/ubuntu/.capsule/apps/net.corda.webserver.WebServer_1.0.0/jackson-datatype-jsr310-2.8.5.jar:/home/ubuntu/.capsule/apps/net.corda.webserver.WebServer_1.0.0/jackson-jaxrs-json-provider-2.8.4.jar:/home/ubuntu/.capsule/apps/net.corda.webserver.WebServer_1.0.0/jackson-jaxrs-base-2.8.4.jar:/home/ubuntu/.capsule/apps/net.corda.webserver.WebServer_1.0.0/jackson-module-jaxb-annotations-2.8.4.jar:/home/ubuntu/.capsule/apps/net.corda.webserver.WebServer_1.0.0/jackson-databind-2.8.5.jar:/home/ubuntu/.capsule/apps/net.corda.webserver.WebServer_1.0.0/eddsa-0.2.0.jar:/home/ubuntu/.capsule/apps/net.corda.webserver.WebServer_1.0.0/bcpkix-jdk15on-1.57.jar:/home/ubuntu/.capsule/apps/net.corda.webserver.WebServer_1.0.0/bcprov-jdk15on-1.57.jar:/home/ubuntu/.capsule/apps/net.corda.webserver.WebServer_1.0.0/hibernate-jpa-2.1-api-1.0.0.Final.jar:/home/ubuntu/.capsule/apps/net.corda.webserver.WebServer_1.0.0/quasar-core-0.7.9-jdk8.jar:/home/ubuntu/.capsule/apps/net.corda.webserver.WebServer_1.0.0/jackson-dataformat-yaml-2.8.5.jar:/home/ubuntu/.capsule/apps/net.corda.webserver.WebServer_1.0.0/artemis-core-client-2.1.0.jar:/home/ubuntu/.capsule/apps/net.corda.webserver.WebServer_1.0.0/artemis-commons-2.1.0.jar:/home/ubuntu/.capsule/apps/net.corda.webserver.WebServer_1.0.0/guava-21.0.jar:/home/ubuntu/.capsule/apps/net.corda.webserver.WebServer_1.0.0/jetty-xml-9.3.9.v20160517.jar:/home/ubuntu/.capsule/apps/net.corda.webserver.WebServer_1.0.0/jolokia-server-detector-2.0.0-M3.jar:/home/ubuntu/.capsule/apps/net.corda.webserver.WebServer_1.0.0/jolokia-service-jsr160-2.0.0-M3.jar:/home/ubuntu/.capsule/apps/net.corda.webserver.WebServer_1.0.0/jolokia-service-jmx-2.0.0-M3.jar:/home/ubuntu/.capsule/apps/net.corda.webserver.WebServer_1.0.0/jolokia-service-serializer-2.0.0-M3.jar:/home/ubuntu/.capsule/apps/net.corda.webserver.WebServer_1.0.0/jolokia-service-notif-pull-2.0.0-M3.jar:/home/ubuntu/.capsule/apps/net.corda.webserver.WebServer_1.0.0/jolokia-service-notif-sse-2.0.0-M3.jar:/home/ubuntu/.capsule/apps/net.corda.webserver.WebServer_1.0.0/jolokia-service-discovery-2.0.0-M3.jar:/home/ubuntu/.capsule/apps/net.corda.webserver.WebServer_1.0.0/jolokia-service-history-2.0.0-M3.jar:/home/ubuntu/.capsule/apps/net.corda.webserver.WebServer_1.0.0/jolokia-server-core-2.0.0-M3.jar:/home/ubuntu/.capsule/apps/net.corda.webserver.WebServer_1.0.0/commons-io-2.2.jar:/home/ubuntu/.capsule/apps/net.corda.webserver.WebServer_1.0.0/log4j-api-2.7.jar:/home/ubuntu/.capsule/apps/net.corda.webserver.WebServer_1.0.0/jersey-client-2.25.jar:/home/ubuntu/.capsule/apps/net.corda.webserver.WebServer_1.0.0/jersey-media-jaxb-2.25.jar:/home/ubuntu/.capsule/apps/net.corda.webserver.WebServer_1.0.0/jersey-common-2.25.jar:/home/ubuntu/.capsule/apps/net.corda.webserver.WebServer_1.0.0/jersey-entity-filtering-2.25.jar:/home/ubuntu/.capsule/apps/net.corda.webserver.WebServer_1.0.0/javax.ws.rs-api-2.0.1.jar:/home/ubuntu/.capsule/apps/net.corda.webserver.WebServer_1.0.0/javax.annotation-api-1.2.jar:/home/ubuntu/.capsule/apps/net.corda.webserver.WebServer_1.0.0/hk2-locator-2.5.0-b30.jar:/home/ubuntu/.capsule/apps/net.corda.webserver.WebServer_1.0.0/hk2-api-2.5.0-b30.jar:/home/ubuntu/.capsule/apps/net.corda.webserver.WebServer_1.0.0/javax.inject-2.5.0-b30.jar:/home/ubuntu/.capsule/apps/net.corda.webserver.WebServer_1.0.0/validation-api-1.1.0.Final.jar:/home/ubuntu/.capsule/apps/net.corda.webserver.WebServer_1.0.0/jetty-http-9.3.9.v20160517.jar:/home/ubuntu/.capsule/apps/net.corda.webserver.WebServer_1.0.0/jetty-io-9.3.9.v20160517.jar:/home/ubuntu/.capsule/apps/net.corda.webserver.WebServer_1.0.0/jetty-util-9.3.9.v20160517.jar:/home/ubuntu/.capsule/apps/net.corda.webserver.WebServer_1.0.0/jetty-continuation-9.2.14.v20151106.jar:/home/ubuntu/.capsule/apps/net.corda.webserver.WebServer_1.0.0/jackson-annotations-2.8.5.jar:/home/ubuntu/.capsule/apps/net.corda.webserver.WebServer_1.0.0/kotlin-stdlib-jre7-1.1.4.jar:/home/ubuntu/.capsule/apps/net.corda.webserver.WebServer_1.0.0/kotlin-stdlib-1.1.4.jar:/home/ubuntu/.capsule/apps/net.corda.webserver.WebServer_1.0.0/jackson-core-2.8.5.jar:/home/ubuntu/.capsule/apps/net.corda.webserver.WebServer_1.0.0/config-1.3.1.jar:/home/ubuntu/.capsule/apps/net.corda.webserver.WebServer_1.0.0/kryo-serializers-0.41.jar:/home/ubuntu/.capsule/apps/net.corda.webserver.WebServer_1.0.0/kryo-4.0.0.jar:/home/ubuntu/.capsule/apps/net.corda.webserver.WebServer_1.0.0/proton-j-0.21.0.jar:/home/ubuntu/.capsule/apps/net.corda.webserver.WebServer_1.0.0/snakeyaml-1.17.jar:/home/ubuntu/.capsule/apps/net.corda.webserver.WebServer_1.0.0/json-simple-1.1.1.jar:/home/ubuntu/.capsule/apps/net.corda.webserver.WebServer_1.0.0/jersey-guava-2.25.jar:/home/ubuntu/.capsule/apps/net.corda.webserver.WebServer_1.0.0/osgi-resource-locator-1.0.1.jar:/home/ubuntu/.capsule/apps/net.corda.webserver.WebServer_1.0.0/hk2-utils-2.5.0-b30.jar:/home/ubuntu/.capsule/apps/net.corda.webserver.WebServer_1.0.0/aopalliance-repackaged-2.5.0-b30.jar:/home/ubuntu/.capsule/apps/net.corda.webserver.WebServer_1.0.0/javassist-3.20.0-GA.jar:/home/ubuntu/.capsule/apps/net.corda.webserver.WebServer_1.0.0/jgroups-3.6.13.Final.jar:/home/ubuntu/.capsule/apps/net.corda.webserver.WebServer_1.0.0/netty-all-4.1.9.Final.jar:/home/ubuntu/.capsule/apps/net.corda.webserver.WebServer_1.0.0/geronimo-json_1.0_spec-1.0-alpha-1.jar:/home/ubuntu/.capsule/apps/net.corda.webserver.WebServer_1.0.0/johnzon-core-0.9.5.jar:/home/ubuntu/.capsule/apps/net.corda.webserver.WebServer_1.0.0/jboss-logging-3.3.0.Final.jar:/home/ubuntu/.capsule/apps/net.corda.webserver.WebServer_1.0.0/commons-beanutils-1.9.2.jar:/home/ubuntu/.capsule/apps/net.corda.webserver.WebServer_1.0.0/reflectasm-1.11.3.jar:/home/ubuntu/.capsule/apps/net.corda.webserver.WebServer_1.0.0/minlog-1.3.0.jar:/home/ubuntu/.capsule/apps/net.corda.webserver.WebServer_1.0.0/objenesis-2.2.jar:/home/ubuntu/.capsule/apps/net.corda.webserver.WebServer_1.0.0/javax.inject-1.jar:/home/ubuntu/.capsule/apps/net.corda.webserver.WebServer_1.0.0/commons-collections-3.2.1.jar:/home/ubuntu/.capsule/apps/net.corda.webserver.WebServer_1.0.0/asm-5.0.4.jar:/home/ubuntu/.capsule/apps/net.corda.webserver.WebServer_1.0.0/annotations-13.0.jar:/home/ubuntu/.capsule/apps/net.corda.webserver.WebServer_1.0.0/corda-webserver-impl-1.0.0.jar:/home/ubuntu/corda/build/nodes/Instance304/plugins/corda-0.1.jar:/home/ubuntu/.capsule/apps/net.corda.webserver.WebServer_1.0.0/quasar-core-0.7.9-jdk8.jar
[INFO ] 2017-11-16T11:42:12,733Z [main] Main.main - VM Java HotSpot(TM) 64-Bit Server VM Oracle Corporation 25.151-b12
[INFO ] 2017-11-16T11:42:12,743Z [main] Main.main - Machine: ip-172-31-23-70
[INFO ] 2017-11-16T11:42:12,743Z [main] Main.main - Working Directory: /home/ubuntu/corda/build/nodes/Instance304
[INFO ] 2017-11-16T11:42:24,376Z [main] Main.main - Starting as webserver on localhost:20304
[INFO ] 2017-11-16T11:42:25,060Z [main] BasicInfo.logAndMaybePrint - Starting as webserver: localhost:20304
[INFO ] 2017-11-16T11:42:25,061Z [main] internal.NodeWebServer.connectLocalRpcAsNodeUser - Connecting to node at localhost:10304 as node user
[INFO ] 2017-11-16T11:42:47,469Z [main] internal.RPCClient.logElapsedTime - Startup took 18576 msec
[INFO ] 2017-11-16T11:42:48,483Z [main] internal.NodeWebServer.connectLocalRpcAsNodeUser - Connecting to node at localhost:10304 as node user
[INFO ] 2017-11-16T11:42:48,628Z [main] internal.RPCClient.logElapsedTime - Startup took 140 msec
[INFO ] 2017-11-16T11:42:49,630Z [main] internal.NodeWebServer.connectLocalRpcAsNodeUser - Connecting to node at localhost:10304 as node user
[INFO ] 2017-11-16T11:42:49,753Z [main] internal.RPCClient.logElapsedTime - Startup took 121 msec
[INFO ] 2017-11-16T11:42:50,795Z [main] internal.NodeWebServer.connectLocalRpcAsNodeUser - Connecting to node at localhost:10304 as node user
[INFO ] 2017-11-16T11:42:50,959Z [main] internal.RPCClient.logElapsedTime - Startup took 163 msec
[INFO ] 2017-11-16T11:42:51,991Z [main] internal.NodeWebServer.connectLocalRpcAsNodeUser - Connecting to node at localhost:10304 as node user
[INFO ] 2017-11-16T11:42:52,079Z [main] internal.RPCClient.logElapsedTime - Startup took 86 msec
[INFO ] 2017-11-16T11:42:53,080Z [main] internal.NodeWebServer.connectLocalRpcAsNodeUser - Connecting to node at localhost:10304 as node user
[INFO ] 2017-11-16T11:42:53,215Z [main] internal.RPCClient.logElapsedTime - Startup took 133 msec
[INFO ] 2017-11-16T11:42:54,216Z [main] internal.NodeWebServer.connectLocalRpcAsNodeUser - Connecting to node at localhost:10304 as node user
[INFO ] 2017-11-16T11:42:54,280Z [main] internal.RPCClient.logElapsedTime - Startup took 62 msec
[INFO ] 2017-11-16T11:42:55,281Z [main] internal.NodeWebServer.connectLocalRpcAsNodeUser - Connecting to node at localhost:10304 as node user
[INFO ] 2017-11-16T11:42:55,411Z [main] internal.RPCClient.logElapsedTime - Startup took 128 msec
[INFO ] 2017-11-16T11:42:56,413Z [main] internal.NodeWebServer.connectLocalRpcAsNodeUser - Connecting to node at localhost:10304 as node user
[INFO ] 2017-11-16T11:42:56,557Z [main] internal.RPCClient.logElapsedTime - Startup took 142 msec
[INFO ] 2017-11-16T11:42:57,558Z [main] internal.NodeWebServer.connectLocalRpcAsNodeUser - Connecting to node at localhost:10304 as node user
[INFO ] 2017-11-16T11:42:57,675Z [main] internal.RPCClient.logElapsedTime - Startup took 115 msec
[INFO ] 2017-11-16T11:42:58,676Z [main] internal.NodeWebServer.connectLocalRpcAsNodeUser - Connecting to node at localhost:10304 as node user
[INFO ] 2017-11-16T11:42:58,748Z [main] internal.RPCClient.logElapsedTime - Startup took 71 msec
[INFO ] 2017-11-16T11:42:59,750Z [main] internal.NodeWebServer.connectLocalRpcAsNodeUser - Connecting to node at localhost:10304 as node user
[INFO ] 2017-11-16T11:42:59,869Z [main] internal.RPCClient.logElapsedTime - Startup took 118 msec
[INFO ] 2017-11-16T11:43:00,871Z [main] internal.NodeWebServer.connectLocalRpcAsNodeUser - Connecting to node at localhost:10304 as node user
[INFO ] 2017-11-16T11:43:00,970Z [main] internal.RPCClient.logElapsedTime - Startup took 98 msec
[INFO ] 2017-11-16T11:43:01,972Z [main] internal.NodeWebServer.connectLocalRpcAsNodeUser - Connecting to node at localhost:10304 as node user
[INFO ] 2017-11-16T11:43:02,059Z [main] internal.RPCClient.logElapsedTime - Startup took 86 msec
[INFO ] 2017-11-16T11:43:03,061Z [main] internal.NodeWebServer.connectLocalRpcAsNodeUser - Connecting to node at localhost:10304 as node user
[INFO ] 2017-11-16T11:43:03,106Z [main] internal.RPCClient.logElapsedTime - Startup took 42 msec
[INFO ] 2017-11-16T11:43:04,107Z [main] internal.NodeWebServer.connectLocalRpcAsNodeUser - Connecting to node at localhost:10304 as node user
[INFO ] 2017-11-16T11:43:04,359Z [main] internal.RPCClient.logElapsedTime - Startup took 250 msec
[INFO ] 2017-11-16T11:43:05,361Z [main] internal.NodeWebServer.connectLocalRpcAsNodeUser - Connecting to node at localhost:10304 as node user
[INFO ] 2017-11-16T11:43:05,428Z [main] internal.RPCClient.logElapsedTime - Startup took 66 msec
[INFO ] 2017-11-16T11:43:06,430Z [main] internal.NodeWebServer.connectLocalRpcAsNodeUser - Connecting to node at localhost:10304 as node user
[INFO ] 2017-11-16T11:43:06,471Z [main] internal.RPCClient.logElapsedTime - Startup took 39 msec
[INFO ] 2017-11-16T11:43:07,473Z [main] internal.NodeWebServer.connectLocalRpcAsNodeUser - Connecting to node at localhost:10304 as node user
[INFO ] 2017-11-16T11:43:07,509Z [main] internal.RPCClient.logElapsedTime - Startup took 34 msec
[INFO ] 2017-11-16T11:43:08,511Z [main] internal.NodeWebServer.connectLocalRpcAsNodeUser - Connecting to node at localhost:10304 as node user
[INFO ] 2017-11-16T11:43:08,565Z [main] internal.RPCClient.logElapsedTime - Startup took 53 msec
[INFO ] 2017-11-16T11:43:09,567Z [main] internal.NodeWebServer.connectLocalRpcAsNodeUser - Connecting to node at localhost:10304 as node user
[INFO ] 2017-11-16T11:43:09,595Z [main] internal.RPCClient.logElapsedTime - Startup took 26 msec
[INFO ] 2017-11-16T11:43:10,597Z [main] internal.NodeWebServer.connectLocalRpcAsNodeUser - Connecting to node at localhost:10304 as node user
[INFO ] 2017-11-16T11:43:10,624Z [main] internal.RPCClient.logElapsedTime - Startup took 24 msec
[INFO ] 2017-11-16T11:43:11,627Z [main] internal.NodeWebServer.connectLocalRpcAsNodeUser - Connecting to node at localhost:10304 as node user
[INFO ] 2017-11-16T11:43:11,672Z [main] internal.RPCClient.logElapsedTime - Startup took 44 msec
[INFO ] 2017-11-16T11:43:12,688Z [main] internal.NodeWebServer.connectLocalRpcAsNodeUser - Connecting to node at localhost:10304 as node user
[INFO ] 2017-11-16T11:43:12,757Z [main] internal.RPCClient.logElapsedTime - Startup took 65 msec
[INFO ] 2017-11-16T11:43:13,759Z [main] internal.NodeWebServer.connectLocalRpcAsNodeUser - Connecting to node at localhost:10304 as node user
[INFO ] 2017-11-16T11:43:13,801Z [main] internal.RPCClient.logElapsedTime - Startup took 41 msec
[INFO ] 2017-11-16T11:43:14,815Z [main] internal.NodeWebServer.connectLocalRpcAsNodeUser - Connecting to node at localhost:10304 as node user
[INFO ] 2017-11-16T11:43:14,853Z [main] internal.RPCClient.logElapsedTime - Startup took 36 msec
[INFO ] 2017-11-16T11:43:15,855Z [main] internal.NodeWebServer.connectLocalRpcAsNodeUser - Connecting to node at localhost:10304 as node user
[INFO ] 2017-11-16T11:43:15,935Z [main] internal.RPCClient.logElapsedTime - Startup took 79 msec
[INFO ] 2017-11-16T11:43:16,936Z [main] internal.NodeWebServer.connectLocalRpcAsNodeUser - Connecting to node at localhost:10304 as node user
[INFO ] 2017-11-16T11:43:16,986Z [main] internal.RPCClient.logElapsedTime - Startup took 49 msec
[INFO ] 2017-11-16T11:43:17,988Z [main] internal.NodeWebServer.connectLocalRpcAsNodeUser - Connecting to node at localhost:10304 as node user
[INFO ] 2017-11-16T11:43:18,002Z [main] internal.RPCClient.logElapsedTime - Startup took 12 msec
[INFO ] 2017-11-16T11:43:19,009Z [main] internal.NodeWebServer.connectLocalRpcAsNodeUser - Connecting to node at localhost:10304 as node user
[INFO ] 2017-11-16T11:43:19,054Z [main] internal.RPCClient.logElapsedTime - Startup took 32 msec
[INFO ] 2017-11-16T11:43:20,055Z [main] internal.NodeWebServer.connectLocalRpcAsNodeUser - Connecting to node at localhost:10304 as node user
[INFO ] 2017-11-16T11:43:20,141Z [main] internal.RPCClient.logElapsedTime - Startup took 78 msec
[INFO ] 2017-11-16T11:43:21,143Z [main] internal.NodeWebServer.connectLocalRpcAsNodeUser - Connecting to node at localhost:10304 as node user
[INFO ] 2017-11-16T11:43:21,170Z [main] internal.RPCClient.logElapsedTime - Startup took 25 msec
[INFO ] 2017-11-16T11:43:22,171Z [main] internal.NodeWebServer.connectLocalRpcAsNodeUser - Connecting to node at localhost:10304 as node user
[INFO ] 2017-11-16T11:43:22,212Z [main] internal.RPCClient.logElapsedTime - Startup took 39 msec
[INFO ] 2017-11-16T11:43:23,213Z [main] internal.NodeWebServer.connectLocalRpcAsNodeUser - Connecting to node at localhost:10304 as node user
[INFO ] 2017-11-16T11:43:23,241Z [main] internal.RPCClient.logElapsedTime - Startup took 14 msec
[INFO ] 2017-11-16T11:43:24,243Z [main] internal.NodeWebServer.connectLocalRpcAsNodeUser - Connecting to node at localhost:10304 as node user
[INFO ] 2017-11-16T11:43:24,304Z [main] internal.RPCClient.logElapsedTime - Startup took 60 msec
[INFO ] 2017-11-16T11:43:25,305Z [main] internal.NodeWebServer.connectLocalRpcAsNodeUser - Connecting to node at localhost:10304 as node user
[INFO ] 2017-11-16T11:43:25,352Z [main] internal.RPCClient.logElapsedTime - Startup took 45 msec
[INFO ] 2017-11-16T11:43:26,353Z [main] internal.NodeWebServer.connectLocalRpcAsNodeUser - Connecting to node at localhost:10304 as node user
[INFO ] 2017-11-16T11:43:26,414Z [main] internal.RPCClient.logElapsedTime - Startup took 61 msec
[INFO ] 2017-11-16T11:43:27,415Z [main] internal.NodeWebServer.connectLocalRpcAsNodeUser - Connecting to node at localhost:10304 as node user
[INFO ] 2017-11-16T11:43:43,936Z [main] internal.RPCClient.logElapsedTime - Startup took 16520 msec
[INFO ] 2017-11-16T11:43:44,078Z [main] util.log.initialized - Logging initialized @131903ms
[WARN ] 2017-11-16T11:43:44,152Z [main] internal.NodeWebServer.initWebServer - Unable to locate Jolokia WAR on classpath
[INFO ] 2017-11-16T11:43:47,727Z [main] internal.NodeWebServer.buildServletContextHandler - Add plugin web API from attachment net.corda.iou.plugin.IOUPluginKt$sam$Function$37366391@14b48f39
[INFO ] 2017-11-16T11:43:51,912Z [main] server.Server.doStart - jetty-9.3.9.v20160517
[INFO ] 2017-11-16T11:43:59,231Z [main] handler.ContextHandler.doStart - Started o.e.j.s.ServletContextHandler@47c422d3{/,null,AVAILABLE}
[INFO ] 2017-11-16T11:43:59,313Z [main] server.AbstractConnector.doStart - Started ServerConnector@53f49045{HTTP/1.1,[http/1.1]}{0.0.0.0:20304}
[INFO ] 2017-11-16T11:43:59,343Z [main] server.Server.doStart - Started @147188ms
[INFO ] 2017-11-16T11:43:59,344Z [main] internal.NodeWebServer.initWebServer - Starting webserver on address localhost:20304
[WARN ] 2017-11-16T12:01:59,383Z [qtp2116089059-217] thread.QueuedThreadPool.run - 
java.lang.OutOfMemoryError: unable to create new native thread
	at java.lang.Thread.start0(Native Method) ~[?:1.8.0_151]
	at java.lang.Thread.start(Thread.java:717) ~[?:1.8.0_151]
	at org.eclipse.jetty.util.thread.QueuedThreadPool.startThreads(QueuedThreadPool.java:475) ~[jetty-util-9.3.9.v20160517.jar:9.3.9.v20160517]
	at org.eclipse.jetty.util.thread.QueuedThreadPool.access$200(QueuedThreadPool.java:48) ~[jetty-util-9.3.9.v20160517.jar:9.3.9.v20160517]
	at org.eclipse.jetty.util.thread.QueuedThreadPool$2.run(QueuedThreadPool.java:634) [jetty-util-9.3.9.v20160517.jar:9.3.9.v20160517]
	at java.lang.Thread.run(Thread.java:748) [?:1.8.0_151]
[INFO ] 2017-11-16T12:20:04,237Z [main] webserver.CmdLineOptions.loadConfig - Config:
{
    # hardcoded value
    "baseDirectory" : "/home/ubuntu/corda/build/nodes/Instance304",
    # /home/ubuntu/corda/build/nodes/Instance304/node.conf: 1
    "extraAdvertisedServiceIds" : [],
    # web-reference.conf @ jar:file:/home/ubuntu/.capsule/apps/net.corda.webserver.WebServer_1.0.0/corda-webserver-impl-1.0.0.jar!/web-reference.conf: 2
    "keyStorePassword" : "cordacadevpass",
    # /home/ubuntu/corda/build/nodes/Instance304/node.conf: 2
    "myLegalName" : "O=Instance304,L=London,C=GB",
    # /home/ubuntu/corda/build/nodes/Instance304/node.conf: 3
    "networkMapService" : {
        # /home/ubuntu/corda/build/nodes/Instance304/node.conf: 4
        "address" : "localhost:10000",
        # /home/ubuntu/corda/build/nodes/Instance304/node.conf: 5
        "legalName" : "O=Controller,L=London,C=GB"
    },
    # /home/ubuntu/corda/build/nodes/Instance304/node.conf: 7
    "p2pAddress" : "localhost:10304",
    # /home/ubuntu/corda/build/nodes/Instance304/node.conf: 8
    "rpcAddress" : "localhost:30304",
    # /home/ubuntu/corda/build/nodes/Instance304/node.conf: 9
    "rpcUsers" : [
        # /home/ubuntu/corda/build/nodes/Instance304/node.conf: 10
        {
            # /home/ubuntu/corda/build/nodes/Instance304/node.conf: 11
            "password" : "test",
            # /home/ubuntu/corda/build/nodes/Instance304/node.conf: 12
            "permissions" : [],
            # /home/ubuntu/corda/build/nodes/Instance304/node.conf: 13
            "user" : "user1"
        }
    ],
    # web-reference.conf @ jar:file:/home/ubuntu/.capsule/apps/net.corda.webserver.WebServer_1.0.0/corda-webserver-impl-1.0.0.jar!/web-reference.conf: 3
    "trustStorePassword" : "trustpass",
    # web-reference.conf @ jar:file:/home/ubuntu/.capsule/apps/net.corda.webserver.WebServer_1.0.0/corda-webserver-impl-1.0.0.jar!/web-reference.conf: 1
    "useHTTPS" : false,
    # /home/ubuntu/corda/build/nodes/Instance304/node.conf: 16
    "webAddress" : "localhost:20304"
}

[INFO ] 2017-11-16T12:20:04,383Z [main] Main.main - Main class: /home/ubuntu/.capsule/apps/net.corda.webserver.WebServer_1.0.0/corda-webserver-impl-1.0.0.jar
[INFO ] 2017-11-16T12:20:04,787Z [main] Main.main - CommandLine Args: -Xmx8g -XX:+UseG1GC -XX:ParallelGCThreads=1 -javaagent:/home/ubuntu/.capsule/apps/net.corda.webserver.WebServer_1.0.0/quasar-core-0.7.9-jdk8.jar -Dvisualvm.display.name=Corda -Djava.library.path=/usr/java/packages/lib/amd64:/usr/lib64:/lib64:/lib:/usr/lib:/home/ubuntu/.capsule/apps/net.corda.webserver.WebServer_1.0.0 -Dcapsule.app=net.corda.webserver.WebServer_1.0.0 -DWebserver -Dcapsule.dir=/home/ubuntu/.capsule/apps/net.corda.webserver.WebServer_1.0.0 -Dcapsule.jar=/home/ubuntu/corda/build/nodes/Instance304/corda-webserver.jar
[INFO ] 2017-11-16T12:20:05,615Z [main] Main.main - Application Args: 
[INFO ] 2017-11-16T12:20:05,616Z [main] Main.main - bootclasspath: /usr/lib/jvm/java-8-oracle/jre/lib/resources.jar:/usr/lib/jvm/java-8-oracle/jre/lib/rt.jar:/usr/lib/jvm/java-8-oracle/jre/lib/sunrsasign.jar:/usr/lib/jvm/java-8-oracle/jre/lib/jsse.jar:/usr/lib/jvm/java-8-oracle/jre/lib/jce.jar:/usr/lib/jvm/java-8-oracle/jre/lib/charsets.jar:/usr/lib/jvm/java-8-oracle/jre/lib/jfr.jar:/usr/lib/jvm/java-8-oracle/jre/classes
[INFO ] 2017-11-16T12:20:05,616Z [main] Main.main - classpath: /home/ubuntu/corda/build/nodes/Instance304/corda-webserver.jar:/home/ubuntu/.capsule/apps/net.corda.webserver.WebServer_1.0.0/corda-rpc-1.0.0.jar:/home/ubuntu/.capsule/apps/net.corda.webserver.WebServer_1.0.0/corda-jackson-1.0.0.jar:/home/ubuntu/.capsule/apps/net.corda.webserver.WebServer_1.0.0/corda-node-api-1.0.0.jar:/home/ubuntu/.capsule/apps/net.corda.webserver.WebServer_1.0.0/corda-core-1.0.0.jar:/home/ubuntu/.capsule/apps/net.corda.webserver.WebServer_1.0.0/jetty-webapp-9.3.9.v20160517.jar:/home/ubuntu/.capsule/apps/net.corda.webserver.WebServer_1.0.0/jetty-servlet-9.3.9.v20160517.jar:/home/ubuntu/.capsule/apps/net.corda.webserver.WebServer_1.0.0/jersey-container-jetty-http-2.25.jar:/home/ubuntu/.capsule/apps/net.corda.webserver.WebServer_1.0.0/jetty-security-9.3.9.v20160517.jar:/home/ubuntu/.capsule/apps/net.corda.webserver.WebServer_1.0.0/jetty-server-9.3.9.v20160517.jar:/home/ubuntu/.capsule/apps/net.corda.webserver.WebServer_1.0.0/javax.servlet-api-3.1.0.jar:/home/ubuntu/.capsule/apps/net.corda.webserver.WebServer_1.0.0/commons-fileupload-1.3.2.jar:/home/ubuntu/.capsule/apps/net.corda.webserver.WebServer_1.0.0/log4j-slf4j-impl-2.7.jar:/home/ubuntu/.capsule/apps/net.corda.webserver.WebServer_1.0.0/log4j-core-2.7.jar:/home/ubuntu/.capsule/apps/net.corda.webserver.WebServer_1.0.0/jopt-simple-5.0.2.jar:/home/ubuntu/.capsule/apps/net.corda.webserver.WebServer_1.0.0/jersey-container-servlet-core-2.25.jar:/home/ubuntu/.capsule/apps/net.corda.webserver.WebServer_1.0.0/jersey-server-2.25.jar:/home/ubuntu/.capsule/apps/net.corda.webserver.WebServer_1.0.0/jersey-media-json-jackson-2.25.jar:/home/ubuntu/.capsule/apps/net.corda.webserver.WebServer_1.0.0/kotlinx-html-jvm-0.6.3.jar:/home/ubuntu/.capsule/apps/net.corda.webserver.WebServer_1.0.0/kotlin-stdlib-jre8-1.1.4.jar:/home/ubuntu/.capsule/apps/net.corda.webserver.WebServer_1.0.0/jackson-module-kotlin-2.8.5.jar:/home/ubuntu/.capsule/apps/net.corda.webserver.WebServer_1.0.0/kotlin-reflect-1.1.4.jar:/home/ubuntu/.capsule/apps/net.corda.webserver.WebServer_1.0.0/jsr305-3.0.1.jar:/home/ubuntu/.capsule/apps/net.corda.webserver.WebServer_1.0.0/jcl-over-slf4j-1.7.25.jar:/home/ubuntu/.capsule/apps/net.corda.webserver.WebServer_1.0.0/slf4j-api-1.7.25.jar:/home/ubuntu/.capsule/apps/net.corda.webserver.WebServer_1.0.0/rxjava-1.2.4.jar:/home/ubuntu/.capsule/apps/net.corda.webserver.WebServer_1.0.0/commons-jexl3-3.0.jar:/home/ubuntu/.capsule/apps/net.corda.webserver.WebServer_1.0.0/jackson-datatype-jsr310-2.8.5.jar:/home/ubuntu/.capsule/apps/net.corda.webserver.WebServer_1.0.0/jackson-jaxrs-json-provider-2.8.4.jar:/home/ubuntu/.capsule/apps/net.corda.webserver.WebServer_1.0.0/jackson-jaxrs-base-2.8.4.jar:/home/ubuntu/.capsule/apps/net.corda.webserver.WebServer_1.0.0/jackson-module-jaxb-annotations-2.8.4.jar:/home/ubuntu/.capsule/apps/net.corda.webserver.WebServer_1.0.0/jackson-databind-2.8.5.jar:/home/ubuntu/.capsule/apps/net.corda.webserver.WebServer_1.0.0/eddsa-0.2.0.jar:/home/ubuntu/.capsule/apps/net.corda.webserver.WebServer_1.0.0/bcpkix-jdk15on-1.57.jar:/home/ubuntu/.capsule/apps/net.corda.webserver.WebServer_1.0.0/bcprov-jdk15on-1.57.jar:/home/ubuntu/.capsule/apps/net.corda.webserver.WebServer_1.0.0/hibernate-jpa-2.1-api-1.0.0.Final.jar:/home/ubuntu/.capsule/apps/net.corda.webserver.WebServer_1.0.0/quasar-core-0.7.9-jdk8.jar:/home/ubuntu/.capsule/apps/net.corda.webserver.WebServer_1.0.0/jackson-dataformat-yaml-2.8.5.jar:/home/ubuntu/.capsule/apps/net.corda.webserver.WebServer_1.0.0/artemis-core-client-2.1.0.jar:/home/ubuntu/.capsule/apps/net.corda.webserver.WebServer_1.0.0/artemis-commons-2.1.0.jar:/home/ubuntu/.capsule/apps/net.corda.webserver.WebServer_1.0.0/guava-21.0.jar:/home/ubuntu/.capsule/apps/net.corda.webserver.WebServer_1.0.0/jetty-xml-9.3.9.v20160517.jar:/home/ubuntu/.capsule/apps/net.corda.webserver.WebServer_1.0.0/jolokia-server-detector-2.0.0-M3.jar:/home/ubuntu/.capsule/apps/net.corda.webserver.WebServer_1.0.0/jolokia-service-jsr160-2.0.0-M3.jar:/home/ubuntu/.capsule/apps/net.corda.webserver.WebServer_1.0.0/jolokia-service-jmx-2.0.0-M3.jar:/home/ubuntu/.capsule/apps/net.corda.webserver.WebServer_1.0.0/jolokia-service-serializer-2.0.0-M3.jar:/home/ubuntu/.capsule/apps/net.corda.webserver.WebServer_1.0.0/jolokia-service-notif-pull-2.0.0-M3.jar:/home/ubuntu/.capsule/apps/net.corda.webserver.WebServer_1.0.0/jolokia-service-notif-sse-2.0.0-M3.jar:/home/ubuntu/.capsule/apps/net.corda.webserver.WebServer_1.0.0/jolokia-service-discovery-2.0.0-M3.jar:/home/ubuntu/.capsule/apps/net.corda.webserver.WebServer_1.0.0/jolokia-service-history-2.0.0-M3.jar:/home/ubuntu/.capsule/apps/net.corda.webserver.WebServer_1.0.0/jolokia-server-core-2.0.0-M3.jar:/home/ubuntu/.capsule/apps/net.corda.webserver.WebServer_1.0.0/commons-io-2.2.jar:/home/ubuntu/.capsule/apps/net.corda.webserver.WebServer_1.0.0/log4j-api-2.7.jar:/home/ubuntu/.capsule/apps/net.corda.webserver.WebServer_1.0.0/jersey-client-2.25.jar:/home/ubuntu/.capsule/apps/net.corda.webserver.WebServer_1.0.0/jersey-media-jaxb-2.25.jar:/home/ubuntu/.capsule/apps/net.corda.webserver.WebServer_1.0.0/jersey-common-2.25.jar:/home/ubuntu/.capsule/apps/net.corda.webserver.WebServer_1.0.0/jersey-entity-filtering-2.25.jar:/home/ubuntu/.capsule/apps/net.corda.webserver.WebServer_1.0.0/javax.ws.rs-api-2.0.1.jar:/home/ubuntu/.capsule/apps/net.corda.webserver.WebServer_1.0.0/javax.annotation-api-1.2.jar:/home/ubuntu/.capsule/apps/net.corda.webserver.WebServer_1.0.0/hk2-locator-2.5.0-b30.jar:/home/ubuntu/.capsule/apps/net.corda.webserver.WebServer_1.0.0/hk2-api-2.5.0-b30.jar:/home/ubuntu/.capsule/apps/net.corda.webserver.WebServer_1.0.0/javax.inject-2.5.0-b30.jar:/home/ubuntu/.capsule/apps/net.corda.webserver.WebServer_1.0.0/validation-api-1.1.0.Final.jar:/home/ubuntu/.capsule/apps/net.corda.webserver.WebServer_1.0.0/jetty-http-9.3.9.v20160517.jar:/home/ubuntu/.capsule/apps/net.corda.webserver.WebServer_1.0.0/jetty-io-9.3.9.v20160517.jar:/home/ubuntu/.capsule/apps/net.corda.webserver.WebServer_1.0.0/jetty-util-9.3.9.v20160517.jar:/home/ubuntu/.capsule/apps/net.corda.webserver.WebServer_1.0.0/jetty-continuation-9.2.14.v20151106.jar:/home/ubuntu/.capsule/apps/net.corda.webserver.WebServer_1.0.0/jackson-annotations-2.8.5.jar:/home/ubuntu/.capsule/apps/net.corda.webserver.WebServer_1.0.0/kotlin-stdlib-jre7-1.1.4.jar:/home/ubuntu/.capsule/apps/net.corda.webserver.WebServer_1.0.0/kotlin-stdlib-1.1.4.jar:/home/ubuntu/.capsule/apps/net.corda.webserver.WebServer_1.0.0/jackson-core-2.8.5.jar:/home/ubuntu/.capsule/apps/net.corda.webserver.WebServer_1.0.0/config-1.3.1.jar:/home/ubuntu/.capsule/apps/net.corda.webserver.WebServer_1.0.0/kryo-serializers-0.41.jar:/home/ubuntu/.capsule/apps/net.corda.webserver.WebServer_1.0.0/kryo-4.0.0.jar:/home/ubuntu/.capsule/apps/net.corda.webserver.WebServer_1.0.0/proton-j-0.21.0.jar:/home/ubuntu/.capsule/apps/net.corda.webserver.WebServer_1.0.0/snakeyaml-1.17.jar:/home/ubuntu/.capsule/apps/net.corda.webserver.WebServer_1.0.0/json-simple-1.1.1.jar:/home/ubuntu/.capsule/apps/net.corda.webserver.WebServer_1.0.0/jersey-guava-2.25.jar:/home/ubuntu/.capsule/apps/net.corda.webserver.WebServer_1.0.0/osgi-resource-locator-1.0.1.jar:/home/ubuntu/.capsule/apps/net.corda.webserver.WebServer_1.0.0/hk2-utils-2.5.0-b30.jar:/home/ubuntu/.capsule/apps/net.corda.webserver.WebServer_1.0.0/aopalliance-repackaged-2.5.0-b30.jar:/home/ubuntu/.capsule/apps/net.corda.webserver.WebServer_1.0.0/javassist-3.20.0-GA.jar:/home/ubuntu/.capsule/apps/net.corda.webserver.WebServer_1.0.0/jgroups-3.6.13.Final.jar:/home/ubuntu/.capsule/apps/net.corda.webserver.WebServer_1.0.0/netty-all-4.1.9.Final.jar:/home/ubuntu/.capsule/apps/net.corda.webserver.WebServer_1.0.0/geronimo-json_1.0_spec-1.0-alpha-1.jar:/home/ubuntu/.capsule/apps/net.corda.webserver.WebServer_1.0.0/johnzon-core-0.9.5.jar:/home/ubuntu/.capsule/apps/net.corda.webserver.WebServer_1.0.0/jboss-logging-3.3.0.Final.jar:/home/ubuntu/.capsule/apps/net.corda.webserver.WebServer_1.0.0/commons-beanutils-1.9.2.jar:/home/ubuntu/.capsule/apps/net.corda.webserver.WebServer_1.0.0/reflectasm-1.11.3.jar:/home/ubuntu/.capsule/apps/net.corda.webserver.WebServer_1.0.0/minlog-1.3.0.jar:/home/ubuntu/.capsule/apps/net.corda.webserver.WebServer_1.0.0/objenesis-2.2.jar:/home/ubuntu/.capsule/apps/net.corda.webserver.WebServer_1.0.0/javax.inject-1.jar:/home/ubuntu/.capsule/apps/net.corda.webserver.WebServer_1.0.0/commons-collections-3.2.1.jar:/home/ubuntu/.capsule/apps/net.corda.webserver.WebServer_1.0.0/asm-5.0.4.jar:/home/ubuntu/.capsule/apps/net.corda.webserver.WebServer_1.0.0/annotations-13.0.jar:/home/ubuntu/.capsule/apps/net.corda.webserver.WebServer_1.0.0/corda-webserver-impl-1.0.0.jar:/home/ubuntu/corda/build/nodes/Instance304/plugins/corda-0.1.jar:/home/ubuntu/.capsule/apps/net.corda.webserver.WebServer_1.0.0/quasar-core-0.7.9-jdk8.jar
[INFO ] 2017-11-16T12:20:05,630Z [main] Main.main - VM Java HotSpot(TM) 64-Bit Server VM Oracle Corporation 25.151-b12
[INFO ] 2017-11-16T12:20:05,635Z [main] Main.main - Machine: ip-172-31-23-70
[INFO ] 2017-11-16T12:20:05,635Z [main] Main.main - Working Directory: /home/ubuntu/corda/build/nodes/Instance304
[INFO ] 2017-11-16T12:20:14,734Z [main] Main.main - Starting as webserver on localhost:20304
[INFO ] 2017-11-16T12:20:15,214Z [main] BasicInfo.logAndMaybePrint - Starting as webserver: localhost:20304
[INFO ] 2017-11-16T12:20:15,216Z [main] internal.NodeWebServer.connectLocalRpcAsNodeUser - Connecting to node at localhost:10304 as node user
[INFO ] 2017-11-16T12:20:33,441Z [main] internal.RPCClient.logElapsedTime - Startup took 15343 msec
[INFO ] 2017-11-16T12:20:34,444Z [main] internal.NodeWebServer.connectLocalRpcAsNodeUser - Connecting to node at localhost:10304 as node user
[INFO ] 2017-11-16T12:20:34,588Z [main] internal.RPCClient.logElapsedTime - Startup took 142 msec
[INFO ] 2017-11-16T12:20:35,590Z [main] internal.NodeWebServer.connectLocalRpcAsNodeUser - Connecting to node at localhost:10304 as node user
[INFO ] 2017-11-16T12:20:35,712Z [main] internal.RPCClient.logElapsedTime - Startup took 120 msec
[INFO ] 2017-11-16T12:20:36,713Z [main] internal.NodeWebServer.connectLocalRpcAsNodeUser - Connecting to node at localhost:10304 as node user
[INFO ] 2017-11-16T12:20:36,879Z [main] internal.RPCClient.logElapsedTime - Startup took 164 msec
[INFO ] 2017-11-16T12:20:37,880Z [main] internal.NodeWebServer.connectLocalRpcAsNodeUser - Connecting to node at localhost:10304 as node user
[INFO ] 2017-11-16T12:20:37,964Z [main] internal.RPCClient.logElapsedTime - Startup took 83 msec
[INFO ] 2017-11-16T12:20:38,966Z [main] internal.NodeWebServer.connectLocalRpcAsNodeUser - Connecting to node at localhost:10304 as node user
[INFO ] 2017-11-16T12:20:39,071Z [main] internal.RPCClient.logElapsedTime - Startup took 104 msec
[INFO ] 2017-11-16T12:20:40,073Z [main] internal.NodeWebServer.connectLocalRpcAsNodeUser - Connecting to node at localhost:10304 as node user
[INFO ] 2017-11-16T12:20:40,127Z [main] internal.RPCClient.logElapsedTime - Startup took 52 msec
[INFO ] 2017-11-16T12:20:41,129Z [main] internal.NodeWebServer.connectLocalRpcAsNodeUser - Connecting to node at localhost:10304 as node user
[INFO ] 2017-11-16T12:20:41,492Z [main] internal.RPCClient.logElapsedTime - Startup took 362 msec
[INFO ] 2017-11-16T12:20:42,493Z [main] internal.NodeWebServer.connectLocalRpcAsNodeUser - Connecting to node at localhost:10304 as node user
[INFO ] 2017-11-16T12:20:42,552Z [main] internal.RPCClient.logElapsedTime - Startup took 57 msec
[INFO ] 2017-11-16T12:20:43,553Z [main] internal.NodeWebServer.connectLocalRpcAsNodeUser - Connecting to node at localhost:10304 as node user
[INFO ] 2017-11-16T12:20:43,606Z [main] internal.RPCClient.logElapsedTime - Startup took 51 msec
[INFO ] 2017-11-16T12:20:44,608Z [main] internal.NodeWebServer.connectLocalRpcAsNodeUser - Connecting to node at localhost:10304 as node user
[INFO ] 2017-11-16T12:20:44,673Z [main] internal.RPCClient.logElapsedTime - Startup took 64 msec
[INFO ] 2017-11-16T12:20:45,674Z [main] internal.NodeWebServer.connectLocalRpcAsNodeUser - Connecting to node at localhost:10304 as node user
[INFO ] 2017-11-16T12:20:45,717Z [main] internal.RPCClient.logElapsedTime - Startup took 41 msec
[INFO ] 2017-11-16T12:20:46,718Z [main] internal.NodeWebServer.connectLocalRpcAsNodeUser - Connecting to node at localhost:10304 as node user
[INFO ] 2017-11-16T12:20:46,748Z [main] internal.RPCClient.logElapsedTime - Startup took 28 msec
[INFO ] 2017-11-16T12:20:47,749Z [main] internal.NodeWebServer.connectLocalRpcAsNodeUser - Connecting to node at localhost:10304 as node user
[INFO ] 2017-11-16T12:20:47,767Z [main] internal.RPCClient.logElapsedTime - Startup took 17 msec
[INFO ] 2017-11-16T12:20:48,772Z [main] internal.NodeWebServer.connectLocalRpcAsNodeUser - Connecting to node at localhost:10304 as node user
[INFO ] 2017-11-16T12:20:48,780Z [main] internal.RPCClient.logElapsedTime - Startup took 7 msec
[INFO ] 2017-11-16T12:20:49,781Z [main] internal.NodeWebServer.connectLocalRpcAsNodeUser - Connecting to node at localhost:10304 as node user
[INFO ] 2017-11-16T12:20:49,792Z [main] internal.RPCClient.logElapsedTime - Startup took 9 msec
[INFO ] 2017-11-16T12:20:50,794Z [main] internal.NodeWebServer.connectLocalRpcAsNodeUser - Connecting to node at localhost:10304 as node user
[INFO ] 2017-11-16T12:20:50,810Z [main] internal.RPCClient.logElapsedTime - Startup took 14 msec
[INFO ] 2017-11-16T12:20:51,811Z [main] internal.NodeWebServer.connectLocalRpcAsNodeUser - Connecting to node at localhost:10304 as node user
[INFO ] 2017-11-16T12:20:51,827Z [main] internal.RPCClient.logElapsedTime - Startup took 13 msec
[INFO ] 2017-11-16T12:20:52,828Z [main] internal.NodeWebServer.connectLocalRpcAsNodeUser - Connecting to node at localhost:10304 as node user
[INFO ] 2017-11-16T12:20:52,845Z [main] internal.RPCClient.logElapsedTime - Startup took 15 msec
[INFO ] 2017-11-16T12:20:53,846Z [main] internal.NodeWebServer.connectLocalRpcAsNodeUser - Connecting to node at localhost:10304 as node user
[INFO ] 2017-11-16T12:20:53,871Z [main] internal.RPCClient.logElapsedTime - Startup took 23 msec
[INFO ] 2017-11-16T12:20:54,873Z [main] internal.NodeWebServer.connectLocalRpcAsNodeUser - Connecting to node at localhost:10304 as node user
[INFO ] 2017-11-16T12:20:54,891Z [main] internal.RPCClient.logElapsedTime - Startup took 17 msec
[INFO ] 2017-11-16T12:20:55,894Z [main] internal.NodeWebServer.connectLocalRpcAsNodeUser - Connecting to node at localhost:10304 as node user
[INFO ] 2017-11-16T12:20:55,909Z [main] internal.RPCClient.logElapsedTime - Startup took 13 msec
[INFO ] 2017-11-16T12:20:56,909Z [main] internal.NodeWebServer.connectLocalRpcAsNodeUser - Connecting to node at localhost:10304 as node user
[INFO ] 2017-11-16T12:20:56,923Z [main] internal.RPCClient.logElapsedTime - Startup took 12 msec
[INFO ] 2017-11-16T12:20:57,924Z [main] internal.NodeWebServer.connectLocalRpcAsNodeUser - Connecting to node at localhost:10304 as node user
[INFO ] 2017-11-16T12:20:57,932Z [main] internal.RPCClient.logElapsedTime - Startup took 7 msec
[INFO ] 2017-11-16T12:20:58,933Z [main] internal.NodeWebServer.connectLocalRpcAsNodeUser - Connecting to node at localhost:10304 as node user
[INFO ] 2017-11-16T12:20:58,941Z [main] internal.RPCClient.logElapsedTime - Startup took 6 msec
[INFO ] 2017-11-16T12:20:59,949Z [main] internal.NodeWebServer.connectLocalRpcAsNodeUser - Connecting to node at localhost:10304 as node user
[INFO ] 2017-11-16T12:20:59,969Z [main] internal.RPCClient.logElapsedTime - Startup took 18 msec
[INFO ] 2017-11-16T12:21:00,971Z [main] internal.NodeWebServer.connectLocalRpcAsNodeUser - Connecting to node at localhost:10304 as node user
[INFO ] 2017-11-16T12:21:00,991Z [main] internal.RPCClient.logElapsedTime - Startup took 13 msec
[INFO ] 2017-11-16T12:21:01,992Z [main] internal.NodeWebServer.connectLocalRpcAsNodeUser - Connecting to node at localhost:10304 as node user
[INFO ] 2017-11-16T12:21:02,010Z [main] internal.RPCClient.logElapsedTime - Startup took 16 msec
[INFO ] 2017-11-16T12:21:03,014Z [main] internal.NodeWebServer.connectLocalRpcAsNodeUser - Connecting to node at localhost:10304 as node user
[INFO ] 2017-11-16T12:21:03,016Z [main] internal.RPCClient.logElapsedTime - Startup took 1 msec
[ERROR] 2017-11-16T12:21:03,016Z [main] internal.NodeWebServer.retryConnectLocalRpc - Cannot start WebServer
java.lang.OutOfMemoryError: unable to create new native thread
	at java.lang.Thread.start0(Native Method) ~[?:1.8.0_151]
	at java.lang.Thread.start(Thread.java:717) ~[?:1.8.0_151]
	at java.util.concurrent.ThreadPoolExecutor.addWorker(ThreadPoolExecutor.java:957) ~[?:1.8.0_151]
	at java.util.concurrent.ThreadPoolExecutor.ensurePrestart(ThreadPoolExecutor.java:1603) ~[?:1.8.0_151]
	at java.util.concurrent.ScheduledThreadPoolExecutor.delayedExecute(ScheduledThreadPoolExecutor.java:334) ~[?:1.8.0_151]
	at java.util.concurrent.ScheduledThreadPoolExecutor.scheduleAtFixedRate(ScheduledThreadPoolExecutor.java:573) ~[?:1.8.0_151]
	at net.corda.client.rpc.internal.RPCClientProxyHandler.start(RPCClientProxyHandler.kt:180) ~[corda-rpc-1.0.0.jar:?]
	at net.corda.client.rpc.internal.RPCClient$start$1.invoke(RPCClient.kt:116) ~[corda-rpc-1.0.0.jar:?]
	at net.corda.client.rpc.internal.RPCClient$start$1.invoke(RPCClient.kt:82) ~[corda-rpc-1.0.0.jar:?]
	at net.corda.core.internal.InternalUtilsKt.logElapsedTime(InternalUtils.kt:168) ~[corda-core-1.0.0.jar:?]
	at net.corda.core.internal.InternalUtilsKt.logElapsedTime(InternalUtils.kt:160) ~[corda-core-1.0.0.jar:?]
	at net.corda.client.rpc.internal.RPCClient.start(RPCClient.kt:103) ~[corda-rpc-1.0.0.jar:?]
	at net.corda.client.rpc.CordaRPCClient.start(CordaRPCClient.kt:100) ~[corda-rpc-1.0.0.jar:?]
	at net.corda.webserver.internal.NodeWebServer.connectLocalRpcAsNodeUser(NodeWebServer.kt:210) ~[corda-webserver-impl-1.0.0.jar:?]
	at net.corda.webserver.internal.NodeWebServer.retryConnectLocalRpc(NodeWebServer.kt:188) [corda-webserver-impl-1.0.0.jar:?]
	at net.corda.webserver.internal.NodeWebServer.start(NodeWebServer.kt:45) [corda-webserver-impl-1.0.0.jar:?]
	at net.corda.webserver.WebServer.main(WebServer.kt:64) [corda-webserver-impl-1.0.0.jar:?]
